<?xml version="1.0" encoding="UTF-8"?>
<testsuite name="MinesweeperTest" tests="1" skipped="0" failures="0" errors="0" timestamp="2021-09-06T21:23:02" hostname="DESKTOP-QHOQ9DU" time="2.404">
  <properties/>
  <testcase name="start" classname="MinesweeperTest" time="2.404"/>
  <system-out><![CDATA[?[1;31m
Start test 1?[0m
How many mines do you want? > 1
 |123456789|
-|---------|
1|.........|
2|.........|
3|.........|
4|11.......|
5|.1.......|
6|11.......|
7|.........|
8|.........|
9|.........|
-|---------|
Set/unset mines marks or claim a cell as free: > 1 3 free
 |123456789|
-|---------|
1|/////////|
2|/////////|
3|/////////|
4|11///////|
5|.1///////|
6|11///////|
7|/////////|
8|/////////|
9|/////////|
-|---------|
Set/unset mines marks or claim a cell as free: > 1 5 free
 |123456789|
-|---------|
1|/////////|
2|/////////|
3|/////////|
4|11///////|
5|X1///////|
6|11///////|
7|/////////|
8|/////////|
9|/////////|
-|---------|
You stepped on a mine and failed!
 |123456789|
-|---------|
1|/////////|
2|/////////|
3|/////////|
4|11///////|
5|X1///////|
6|11///////|
7|/////////|
8|/////////|
9|/////////|
-|---------|
?[1;31m
Start test 2?[0m
How many mines do you want? > 1
 |123456789|
-|---------|
1|....111..|
2|....1.1..|
3|....111..|
4|.........|
5|.........|
6|.........|
7|.........|
8|.........|
9|.........|
-|---------|
Set/unset mines marks or claim a cell as free: > 3 9 mine
 |123456789|
-|---------|
1|....111..|
2|....1.1..|
3|....111..|
4|.........|
5|.........|
6|.........|
7|.........|
8|.........|
9|..*......|
-|---------|
Set/unset mines marks or claim a cell as free: > 5 4 free
 |123456789|
-|---------|
1|////111//|
2|////1.1//|
3|////111//|
4|/////////|
5|/////////|
6|/////////|
7|/////////|
8|/////////|
9|/////////|
-|---------|
Set/unset mines marks or claim a cell as free: > 6 2 mine
 |123456789|
-|---------|
1|////111//|
2|////1*1//|
3|////111//|
4|/////////|
5|/////////|
6|/////////|
7|/////////|
8|/////////|
9|/////////|
-|---------|
?[1;31m
Start test 3?[0m
How many mines do you want? > 1
 |123456789|
-|---------|
1|.........|
2|.........|
3|.........|
4|.........|
5|.........|
6|.........|
7|.....111.|
8|.....1.1.|
9|.....111.|
-|---------|
Set/unset mines marks or claim a cell as free: > 9 8 free
 |123456789|
-|---------|
1|/////////|
2|/////////|
3|/////////|
4|/////////|
5|/////////|
6|/////////|
7|/////111/|
8|/////1.1/|
9|/////111/|
-|---------|
Set/unset mines marks or claim a cell as free: > 7 8 free
 |123456789|
-|---------|
1|/////////|
2|/////////|
3|/////////|
4|/////////|
5|/////////|
6|/////////|
7|/////111/|
8|/////1X1/|
9|/////111/|
-|---------|
You stepped on a mine and failed!
 |123456789|
-|---------|
1|/////////|
2|/////////|
3|/////////|
4|/////////|
5|/////////|
6|/////////|
7|/////111/|
8|/////1X1/|
9|/////111/|
-|---------|
?[1;31m
Start test 4?[0m
How many mines do you want? > 1
 |123456789|
-|---------|
1|.........|
2|.........|
3|.........|
4|..111....|
5|..1.1....|
6|..111....|
7|.........|
8|.........|
9|.........|
-|---------|
Set/unset mines marks or claim a cell as free: > 7 8 mine
 |123456789|
-|---------|
1|.........|
2|.........|
3|.........|
4|..111....|
5|..1.1....|
6|..111....|
7|.........|
8|......*..|
9|.........|
-|---------|
Set/unset mines marks or claim a cell as free: > 9 4 mine
 |123456789|
-|---------|
1|.........|
2|.........|
3|.........|
4|..111...*|
5|..1.1....|
6|..111....|
7|.........|
8|......*..|
9|.........|
-|---------|
Set/unset mines marks or claim a cell as free: > 8 5 free
 |123456789|
-|---------|
1|/////////|
2|/////////|
3|/////////|
4|//111////|
5|//1.1////|
6|//111////|
7|/////////|
8|/////////|
9|/////////|
-|---------|
Set/unset mines marks or claim a cell as free: > 4 5 mine
 |123456789|
-|---------|
1|/////////|
2|/////////|
3|/////////|
4|//111////|
5|//1*1////|
6|//111////|
7|/////////|
8|/////////|
9|/////////|
-|---------|
?[1;31m
Start test 5?[0m
How many mines do you want? > 1
 |123456789|
-|---------|
1|.........|
2|111......|
3|1.1......|
4|111......|
5|.........|
6|.........|
7|.........|
8|.........|
9|.........|
-|---------|
Set/unset mines marks or claim a cell as free: > 7 3 mine
 |123456789|
-|---------|
1|.........|
2|111......|
3|1.1...*..|
4|111......|
5|.........|
6|.........|
7|.........|
8|.........|
9|.........|
-|---------|
Set/unset mines marks or claim a cell as free: > 7 8 free
 |123456789|
-|---------|
1|/////////|
2|111//////|
3|1.1//////|
4|111//////|
5|/////////|
6|/////////|
7|/////////|
8|/////////|
9|/////////|
-|---------|
Set/unset mines marks or claim a cell as free: > 2 3 free
 |123456789|
-|---------|
1|/////////|
2|111//////|
3|1X1//////|
4|111//////|
5|/////////|
6|/////////|
7|/////////|
8|/////////|
9|/////////|
-|---------|
You stepped on a mine and failed!
 |123456789|
-|---------|
1|/////////|
2|111//////|
3|1X1//////|
4|111//////|
5|/////////|
6|/////////|
7|/////////|
8|/////////|
9|/////////|
-|---------|
?[1;31m
Start test 6?[0m
How many mines do you want? > 1
 |123456789|
-|---------|
1|.........|
2|.........|
3|.........|
4|.........|
5|.........|
6|.........|
7|.........|
8|.......11|
9|.......1.|
-|---------|
Set/unset mines marks or claim a cell as free: > 1 3 free
 |123456789|
-|---------|
1|/////////|
2|/////////|
3|/////////|
4|/////////|
5|/////////|
6|/////////|
7|/////////|
8|///////11|
9|///////1.|
-|---------|
Set/unset mines marks or claim a cell as free: > 9 9 mine
 |123456789|
-|---------|
1|/////////|
2|/////////|
3|/////////|
4|/////////|
5|/////////|
6|/////////|
7|/////////|
8|///////11|
9|///////1*|
-|---------|
?[1;31m
Start test 7?[0m
How many mines do you want? > 1
 |123456789|
-|---------|
1|.........|
2|.........|
3|.....111.|
4|.....1.1.|
5|.....111.|
6|.........|
7|.........|
8|.........|
9|.........|
-|---------|
Set/unset mines marks or claim a cell as free: > 5 6 mine
 |123456789|
-|---------|
1|.........|
2|.........|
3|.....111.|
4|.....1.1.|
5|.....111.|
6|....*....|
7|.........|
8|.........|
9|.........|
-|---------|
Set/unset mines marks or claim a cell as free: > 5 6 mine
 |123456789|
-|---------|
1|.........|
2|.........|
3|.....111.|
4|.....1.1.|
5|.....111.|
6|.........|
7|.........|
8|.........|
9|.........|
-|---------|
Set/unset mines marks or claim a cell as free: > 2 1 free
 |123456789|
-|---------|
1|/////////|
2|/////////|
3|/////111/|
4|/////1.1/|
5|/////111/|
6|/////////|
7|/////////|
8|/////////|
9|/////////|
-|---------|
Set/unset mines marks or claim a cell as free: > 7 4 free
 |123456789|
-|---------|
1|/////////|
2|/////////|
3|/////111/|
4|/////1X1/|
5|/////111/|
6|/////////|
7|/////////|
8|/////////|
9|/////////|
-|---------|
You stepped on a mine and failed!
 |123456789|
-|---------|
1|/////////|
2|/////////|
3|/////111/|
4|/////1X1/|
5|/////111/|
6|/////////|
7|/////////|
8|/////////|
9|/////////|
-|---------|
?[1;31m
Start test 8?[0m
How many mines do you want? > 1
 |123456789|
-|---------|
1|...1.1...|
2|...111...|
3|.........|
4|.........|
5|.........|
6|.........|
7|.........|
8|.........|
9|.........|
-|---------|
Set/unset mines marks or claim a cell as free: > 3 4 free
 |123456789|
-|---------|
1|///1.1///|
2|///111///|
3|/////////|
4|/////////|
5|/////////|
6|/////////|
7|/////////|
8|/////////|
9|/////////|
-|---------|
Set/unset mines marks or claim a cell as free: > 5 1 free
 |123456789|
-|---------|
1|///1X1///|
2|///111///|
3|/////////|
4|/////////|
5|/////////|
6|/////////|
7|/////////|
8|/////////|
9|/////////|
-|---------|
You stepped on a mine and failed!
 |123456789|
-|---------|
1|///1X1///|
2|///111///|
3|/////////|
4|/////////|
5|/////////|
6|/////////|
7|/////////|
8|/////////|
9|/////////|
-|---------|
?[1;31m
Start test 9?[0m
How many mines do you want? > 1
 |123456789|
-|---------|
1|..111....|
2|..1.1....|
3|..111....|
4|.........|
5|.........|
6|.........|
7|.........|
8|.........|
9|.........|
-|---------|
Set/unset mines marks or claim a cell as free: > 1 7 mine
 |123456789|
-|---------|
1|..111....|
2|..1.1....|
3|..111....|
4|.........|
5|.........|
6|.........|
7|*........|
8|.........|
9|.........|
-|---------|
Set/unset mines marks or claim a cell as free: > 8 4 mine
 |123456789|
-|---------|
1|..111....|
2|..1.1....|
3|..111....|
4|.......*.|
5|.........|
6|.........|
7|*........|
8|.........|
9|.........|
-|---------|
Set/unset mines marks or claim a cell as free: > 6 9 free
 |123456789|
-|---------|
1|//111////|
2|//1.1////|
3|//111////|
4|/////////|
5|/////////|
6|/////////|
7|/////////|
8|/////////|
9|/////////|
-|---------|
Set/unset mines marks or claim a cell as free: > 4 2 free
 |123456789|
-|---------|
1|//111////|
2|//1X1////|
3|//111////|
4|/////////|
5|/////////|
6|/////////|
7|/////////|
8|/////////|
9|/////////|
-|---------|
You stepped on a mine and failed!
 |123456789|
-|---------|
1|//111////|
2|//1X1////|
3|//111////|
4|/////////|
5|/////////|
6|/////////|
7|/////////|
8|/////////|
9|/////////|
-|---------|
?[1;31m
Start test 10?[0m
How many mines do you want? > 1
 |123456789|
-|---------|
1|.........|
2|.........|
3|.........|
4|.........|
5|.........|
6|....111..|
7|....1.1..|
8|....111..|
9|.........|
-|---------|
Set/unset mines marks or claim a cell as free: > 1 8 mine
 |123456789|
-|---------|
1|.........|
2|.........|
3|.........|
4|.........|
5|.........|
6|....111..|
7|....1.1..|
8|*...111..|
9|.........|
-|---------|
Set/unset mines marks or claim a cell as free: > 2 8 free
 |123456789|
-|---------|
1|/////////|
2|/////////|
3|/////////|
4|/////////|
5|/////////|
6|////111//|
7|////1.1//|
8|////111//|
9|/////////|
-|---------|
Set/unset mines marks or claim a cell as free: > 6 7 mine
 |123456789|
-|---------|
1|/////////|
2|/////////|
3|/////////|
4|/////////|
5|/////////|
6|////111//|
7|////1*1//|
8|////111//|
9|/////////|
-|---------|
?[1;31m
Start test 11?[0m
How many mines do you want? > 1
 |123456789|
-|---------|
1|111......|
2|1.1......|
3|111......|
4|.........|
5|.........|
6|.........|
7|.........|
8|.........|
9|.........|
-|---------|
Set/unset mines marks or claim a cell as free: > 7 4 free
 |123456789|
-|---------|
1|111//////|
2|1.1//////|
3|111//////|
4|/////////|
5|/////////|
6|/////////|
7|/////////|
8|/////////|
9|/////////|
-|---------|
Set/unset mines marks or claim a cell as free: > 2 2 free
 |123456789|
-|---------|
1|111//////|
2|1X1//////|
3|111//////|
4|/////////|
5|/////////|
6|/////////|
7|/////////|
8|/////////|
9|/////////|
-|---------|
You stepped on a mine and failed!
 |123456789|
-|---------|
1|111//////|
2|1X1//////|
3|111//////|
4|/////////|
5|/////////|
6|/////////|
7|/////////|
8|/////////|
9|/////////|
-|---------|
?[1;31m
Start test 12?[0m
How many mines do you want? > 1
 |123456789|
-|---------|
1|.111.....|
2|.1.1.....|
3|.111.....|
4|.........|
5|.........|
6|.........|
7|.........|
8|.........|
9|.........|
-|---------|
Set/unset mines marks or claim a cell as free: > 6 4 mine
 |123456789|
-|---------|
1|.111.....|
2|.1.1.....|
3|.111.....|
4|.....*...|
5|.........|
6|.........|
7|.........|
8|.........|
9|.........|
-|---------|
Set/unset mines marks or claim a cell as free: > 3 4 free
 |123456789|
-|---------|
1|/111/////|
2|/1.1/////|
3|/111/////|
4|/////////|
5|/////////|
6|/////////|
7|/////////|
8|/////////|
9|/////////|
-|---------|
Set/unset mines marks or claim a cell as free: > 3 2 free
 |123456789|
-|---------|
1|/111/////|
2|/1X1/////|
3|/111/////|
4|/////////|
5|/////////|
6|/////////|
7|/////////|
8|/////////|
9|/////////|
-|---------|
You stepped on a mine and failed!
 |123456789|
-|---------|
1|/111/////|
2|/1X1/////|
3|/111/////|
4|/////////|
5|/////////|
6|/////////|
7|/////////|
8|/////////|
9|/////////|
-|---------|
?[1;31m
Start test 13?[0m
How many mines do you want? > 1
 |123456789|
-|---------|
1|.........|
2|.........|
3|.........|
4|.........|
5|.........|
6|.........|
7|.........|
8|11.......|
9|.1.......|
-|---------|
Set/unset mines marks or claim a cell as free: > 5 2 mine
 |123456789|
-|---------|
1|.........|
2|....*....|
3|.........|
4|.........|
5|.........|
6|.........|
7|.........|
8|11.......|
9|.1.......|
-|---------|
Set/unset mines marks or claim a cell as free: > 5 2 mine
 |123456789|
-|---------|
1|.........|
2|.........|
3|.........|
4|.........|
5|.........|
6|.........|
7|.........|
8|11.......|
9|.1.......|
-|---------|
Set/unset mines marks or claim a cell as free: > 5 9 free
 |123456789|
-|---------|
1|/////////|
2|/////////|
3|/////////|
4|/////////|
5|/////////|
6|/////////|
7|/////////|
8|11///////|
9|.1///////|
-|---------|
Set/unset mines marks or claim a cell as free: > 1 9 free
 |123456789|
-|---------|
1|/////////|
2|/////////|
3|/////////|
4|/////////|
5|/////////|
6|/////////|
7|/////////|
8|11///////|
9|X1///////|
-|---------|
You stepped on a mine and failed!
 |123456789|
-|---------|
1|/////////|
2|/////////|
3|/////////|
4|/////////|
5|/////////|
6|/////////|
7|/////////|
8|11///////|
9|X1///////|
-|---------|
?[1;31m
Start test 14?[0m
How many mines do you want? > 1
 |123456789|
-|---------|
1|.........|
2|.........|
3|.........|
4|.........|
5|.........|
6|.........|
7|.111.....|
8|.1.1.....|
9|.111.....|
-|---------|
Set/unset mines marks or claim a cell as free: > 3 2 free
 |123456789|
-|---------|
1|/////////|
2|/////////|
3|/////////|
4|/////////|
5|/////////|
6|/////////|
7|/111/////|
8|/1.1/////|
9|/111/////|
-|---------|
Set/unset mines marks or claim a cell as free: > 3 8 mine
 |123456789|
-|---------|
1|/////////|
2|/////////|
3|/////////|
4|/////////|
5|/////////|
6|/////////|
7|/111/////|
8|/1*1/////|
9|/111/////|
-|---------|
?[1;31m
Start test 15?[0m
How many mines do you want? > 1
 |123456789|
-|---------|
1|.........|
2|.........|
3|.........|
4|.........|
5|.........|
6|.......11|
7|.......1.|
8|.......11|
9|.........|
-|---------|
Set/unset mines marks or claim a cell as free: > 8 9 mine
 |123456789|
-|---------|
1|.........|
2|.........|
3|.........|
4|.........|
5|.........|
6|.......11|
7|.......1.|
8|.......11|
9|.......*.|
-|---------|
Set/unset mines marks or claim a cell as free: > 2 7 mine
 |123456789|
-|---------|
1|.........|
2|.........|
3|.........|
4|.........|
5|.........|
6|.......11|
7|.*.....1.|
8|.......11|
9|.......*.|
-|---------|
Set/unset mines marks or claim a cell as free: > 9 2 free
 |123456789|
-|---------|
1|/////////|
2|/////////|
3|/////////|
4|/////////|
5|/////////|
6|///////11|
7|///////1.|
8|///////11|
9|/////////|
-|---------|
Set/unset mines marks or claim a cell as free: > 9 7 mine
 |123456789|
-|---------|
1|/////////|
2|/////////|
3|/////////|
4|/////////|
5|/////////|
6|///////11|
7|///////1*|
8|///////11|
9|/////////|
-|---------|
?[1;31m
Start test 16?[0m
How many mines do you want? > 1
 |123456789|
-|---------|
1|....1.1..|
2|....111..|
3|.........|
4|.........|
5|.........|
6|.........|
7|.........|
8|.........|
9|.........|
-|---------|
Set/unset mines marks or claim a cell as free: > 5 6 mine
 |123456789|
-|---------|
1|....1.1..|
2|....111..|
3|.........|
4|.........|
5|.........|
6|....*....|
7|.........|
8|.........|
9|.........|
-|---------|
Set/unset mines marks or claim a cell as free: > 8 5 mine
 |123456789|
-|---------|
1|....1.1..|
2|....111..|
3|.........|
4|.........|
5|.......*.|
6|....*....|
7|.........|
8|.........|
9|.........|
-|---------|
Set/unset mines marks or claim a cell as free: > 6 1 free
 |123456789|
-|---------|
1|....1X1..|
2|....111..|
3|.........|
4|.........|
5|.......*.|
6|....*....|
7|.........|
8|.........|
9|.........|
-|---------|
You stepped on a mine and failed!
 |123456789|
-|---------|
1|....1X1..|
2|....111..|
3|.........|
4|.........|
5|.......*.|
6|....*....|
7|.........|
8|.........|
9|.........|
-|---------|
?[1;31m
Start test 17?[0m
How many mines do you want? > 1
 |123456789|
-|---------|
1|.....111.|
2|.....1.1.|
3|.....111.|
4|.........|
5|.........|
6|.........|
7|.........|
8|.........|
9|.........|
-|---------|
Set/unset mines marks or claim a cell as free: > 5 9 free
 |123456789|
-|---------|
1|/////111/|
2|/////1.1/|
3|/////111/|
4|/////////|
5|/////////|
6|/////////|
7|/////////|
8|/////////|
9|/////////|
-|---------|
Set/unset mines marks or claim a cell as free: > 7 2 free
 |123456789|
-|---------|
1|/////111/|
2|/////1X1/|
3|/////111/|
4|/////////|
5|/////////|
6|/////////|
7|/////////|
8|/////////|
9|/////////|
-|---------|
You stepped on a mine and failed!
 |123456789|
-|---------|
1|/////111/|
2|/////1X1/|
3|/////111/|
4|/////////|
5|/////////|
6|/////////|
7|/////////|
8|/////////|
9|/////////|
-|---------|
?[1;31m
Start test 18?[0m
How many mines do you want? > 1
 |123456789|
-|---------|
1|.........|
2|.........|
3|.........|
4|.........|
5|.........|
6|.........|
7|.........|
8|..111....|
9|..1.1....|
-|---------|
Set/unset mines marks or claim a cell as free: > 9 7 mine
 |123456789|
-|---------|
1|.........|
2|.........|
3|.........|
4|.........|
5|.........|
6|.........|
7|........*|
8|..111....|
9|..1.1....|
-|---------|
Set/unset mines marks or claim a cell as free: > 1 5 free
 |123456789|
-|---------|
1|/////////|
2|/////////|
3|/////////|
4|/////////|
5|/////////|
6|/////////|
7|/////////|
8|//111////|
9|//1.1////|
-|---------|
Set/unset mines marks or claim a cell as free: > 4 9 free
 |123456789|
-|---------|
1|/////////|
2|/////////|
3|/////////|
4|/////////|
5|/////////|
6|/////////|
7|/////////|
8|//111////|
9|//1X1////|
-|---------|
You stepped on a mine and failed!
 |123456789|
-|---------|
1|/////////|
2|/////////|
3|/////////|
4|/////////|
5|/////////|
6|/////////|
7|/////////|
8|//111////|
9|//1X1////|
-|---------|
?[1;31m
Start test 19?[0m
How many mines do you want? > 1
 |123456789|
-|---------|
1|.........|
2|.........|
3|.........|
4|.........|
5|11.......|
6|.1.......|
7|11.......|
8|.........|
9|.........|
-|---------|
Set/unset mines marks or claim a cell as free: > 5 8 mine
 |123456789|
-|---------|
1|.........|
2|.........|
3|.........|
4|.........|
5|11.......|
6|.1.......|
7|11.......|
8|....*....|
9|.........|
-|---------|
Set/unset mines marks or claim a cell as free: > 5 3 free
 |123456789|
-|---------|
1|/////////|
2|/////////|
3|/////////|
4|/////////|
5|11///////|
6|.1///////|
7|11///////|
8|/////////|
9|/////////|
-|---------|
Set/unset mines marks or claim a cell as free: > 1 6 free
 |123456789|
-|---------|
1|/////////|
2|/////////|
3|/////////|
4|/////////|
5|11///////|
6|X1///////|
7|11///////|
8|/////////|
9|/////////|
-|---------|
You stepped on a mine and failed!
 |123456789|
-|---------|
1|/////////|
2|/////////|
3|/////////|
4|/////////|
5|11///////|
6|X1///////|
7|11///////|
8|/////////|
9|/////////|
-|---------|
?[1;31m
Start test 20?[0m
How many mines do you want? > 1
 |123456789|
-|---------|
1|.......11|
2|.......1.|
3|.......11|
4|.........|
5|.........|
6|.........|
7|.........|
8|.........|
9|.........|
-|---------|
Set/unset mines marks or claim a cell as free: > 6 9 mine
 |123456789|
-|---------|
1|.......11|
2|.......1.|
3|.......11|
4|.........|
5|.........|
6|.........|
7|.........|
8|.........|
9|.....*...|
-|---------|
Set/unset mines marks or claim a cell as free: > 1 8 mine
 |123456789|
-|---------|
1|.......11|
2|.......1.|
3|.......11|
4|.........|
5|.........|
6|.........|
7|.........|
8|*........|
9|.....*...|
-|---------|
Set/unset mines marks or claim a cell as free: > 6 4 free
 |123456789|
-|---------|
1|///////11|
2|///////1.|
3|///////11|
4|/////////|
5|/////////|
6|/////////|
7|/////////|
8|/////////|
9|/////////|
-|---------|
Set/unset mines marks or claim a cell as free: > 9 2 mine
 |123456789|
-|---------|
1|///////11|
2|///////1*|
3|///////11|
4|/////////|
5|/////////|
6|/////////|
7|/////////|
8|/////////|
9|/////////|
-|---------|
?[1;31m
Start test 21?[0m
How many mines do you want? > 2
 |123456789|
-|---------|
1|....111..|
2|....1.1..|
3|....111..|
4|.........|
5|.........|
6|.........|
7|.........|
8|11.......|
9|.1.......|
-|---------|
Set/unset mines marks or claim a cell as free: > 9 6 free
 |123456789|
-|---------|
1|////111//|
2|////1.1//|
3|////111//|
4|/////////|
5|/////////|
6|/////////|
7|/////////|
8|11///////|
9|.1///////|
-|---------|
Set/unset mines marks or claim a cell as free: > 6 2 mine
 |123456789|
-|---------|
1|////111//|
2|////1*1//|
3|////111//|
4|/////////|
5|/////////|
6|/////////|
7|/////////|
8|11///////|
9|.1///////|
-|---------|
Set/unset mines marks or claim a cell as free: > 1 9 free
 |123456789|
-|---------|
1|////111//|
2|////1*1//|
3|////111//|
4|/////////|
5|/////////|
6|/////////|
7|/////////|
8|11///////|
9|X1///////|
-|---------|
You stepped on a mine and failed!
 |123456789|
-|---------|
1|////111//|
2|////1*1//|
3|////111//|
4|/////////|
5|/////////|
6|/////////|
7|/////////|
8|11///////|
9|X1///////|
-|---------|
?[1;31m
Start test 22?[0m
How many mines do you want? > 2
 |123456789|
-|---------|
1|.........|
2|.........|
3|.........|
4|....111..|
5|....1.1..|
6|....111..|
7|....111..|
8|....1.1..|
9|....111..|
-|---------|
Set/unset mines marks or claim a cell as free: > 9 7 mine
 |123456789|
-|---------|
1|.........|
2|.........|
3|.........|
4|....111..|
5|....1.1..|
6|....111..|
7|....111.*|
8|....1.1..|
9|....111..|
-|---------|
Set/unset mines marks or claim a cell as free: > 6 3 mine
 |123456789|
-|---------|
1|.........|
2|.........|
3|.....*...|
4|....111..|
5|....1.1..|
6|....111..|
7|....111.*|
8|....1.1..|
9|....111..|
-|---------|
Set/unset mines marks or claim a cell as free: > 2 5 free
 |123456789|
-|---------|
1|/////////|
2|/////////|
3|/////////|
4|////111//|
5|////1.1//|
6|////111//|
7|////111//|
8|////1.1//|
9|////111//|
-|---------|
Set/unset mines marks or claim a cell as free: > 6 5 mine
 |123456789|
-|---------|
1|/////////|
2|/////////|
3|/////////|
4|////111//|
5|////1*1//|
6|////111//|
7|////111//|
8|////1.1//|
9|////111//|
-|---------|
Set/unset mines marks or claim a cell as free: > 6 5 mine
 |123456789|
-|---------|
1|/////////|
2|/////////|
3|/////////|
4|////111//|
5|////1.1//|
6|////111//|
7|////111//|
8|////1.1//|
9|////111//|
-|---------|
?[1;31m
Start test 23?[0m
How many mines do you want? > 2
 |123456789|
-|---------|
1|.........|
2|.........|
3|.........|
4|.....111.|
5|.....1.1.|
6|.....111.|
7|.111.....|
8|.1.1.....|
9|.111.....|
-|---------|
Set/unset mines marks or claim a cell as free: > 7 8 free
 |123456789|
-|---------|
1|/////////|
2|/////////|
3|/////////|
4|/////111/|
5|/////1.1/|
6|/////111/|
7|/111/////|
8|/1.1/////|
9|/111/////|
-|---------|
Set/unset mines marks or claim a cell as free: > 3 8 mine
 |123456789|
-|---------|
1|/////////|
2|/////////|
3|/////////|
4|/////111/|
5|/////1.1/|
6|/////111/|
7|/111/////|
8|/1*1/////|
9|/111/////|
-|---------|
Set/unset mines marks or claim a cell as free: > 7 5 free
 |123456789|
-|---------|
1|/////////|
2|/////////|
3|/////////|
4|/////111/|
5|/////1X1/|
6|/////111/|
7|/111/////|
8|/1*1/////|
9|/111/////|
-|---------|
You stepped on a mine and failed!
 |123456789|
-|---------|
1|/////////|
2|/////////|
3|/////////|
4|/////111/|
5|/////1X1/|
6|/////111/|
7|/111/////|
8|/1*1/////|
9|/111/////|
-|---------|
?[1;31m
Start test 24?[0m
How many mines do you want? > 2
 |123456789|
-|---------|
1|.........|
2|.........|
3|.........|
4|...111...|
5|...1.1...|
6|...111...|
7|.......11|
8|.......1.|
9|.......11|
-|---------|
Set/unset mines marks or claim a cell as free: > 2 8 free
 |123456789|
-|---------|
1|/////////|
2|/////////|
3|/////////|
4|///111///|
5|///1.1///|
6|///111///|
7|///////11|
8|///////1.|
9|///////11|
-|---------|
Set/unset mines marks or claim a cell as free: > 5 5 free
 |123456789|
-|---------|
1|/////////|
2|/////////|
3|/////////|
4|///111///|
5|///1X1///|
6|///111///|
7|///////11|
8|///////1X|
9|///////11|
-|---------|
You stepped on a mine and failed!
 |123456789|
-|---------|
1|/////////|
2|/////////|
3|/////////|
4|///111///|
5|///1X1///|
6|///111///|
7|///////11|
8|///////1X|
9|///////11|
-|---------|
?[1;31m
Start test 25?[0m
How many mines do you want? > 2
 |123456789|
-|---------|
1|....1.11.|
2|....11111|
3|.........|
4|.........|
5|.........|
6|.........|
7|.........|
8|.........|
9|.........|
-|---------|
Set/unset mines marks or claim a cell as free: > 4 3 free
 |123456789|
-|---------|
1|////1.11.|
2|////11111|
3|/////////|
4|/////////|
5|/////////|
6|/////////|
7|/////////|
8|/////////|
9|/////////|
-|---------|
Set/unset mines marks or claim a cell as free: > 6 1 free
 |123456789|
-|---------|
1|////1X11X|
2|////11111|
3|/////////|
4|/////////|
5|/////////|
6|/////////|
7|/////////|
8|/////////|
9|/////////|
-|---------|
You stepped on a mine and failed!
 |123456789|
-|---------|
1|////1X11X|
2|////11111|
3|/////////|
4|/////////|
5|/////////|
6|/////////|
7|/////////|
8|/////////|
9|/////////|
-|---------|
?[1;31m
Start test 26?[0m
How many mines do you want? > 2
 |123456789|
-|---------|
1|.........|
2|.........|
3|.........|
4|..111....|
5|..1.1....|
6|..111....|
7|11.......|
8|.1.......|
9|11.......|
-|---------|
Set/unset mines marks or claim a cell as free: > 3 2 free
 |123456789|
-|---------|
1|/////////|
2|/////////|
3|/////////|
4|//111////|
5|//1.1////|
6|//111////|
7|11///////|
8|.1///////|
9|11///////|
-|---------|
Set/unset mines marks or claim a cell as free: > 1 8 free
 |123456789|
-|---------|
1|/////////|
2|/////////|
3|/////////|
4|//111////|
5|//1X1////|
6|//111////|
7|11///////|
8|X1///////|
9|11///////|
-|---------|
You stepped on a mine and failed!
 |123456789|
-|---------|
1|/////////|
2|/////////|
3|/////////|
4|//111////|
5|//1X1////|
6|//111////|
7|11///////|
8|X1///////|
9|11///////|
-|---------|
?[1;31m
Start test 27?[0m
How many mines do you want? > 2
 |123456789|
-|---------|
1|..111....|
2|..1.1....|
3|..111....|
4|.........|
5|.........|
6|.........|
7|.........|
8|..111....|
9|..1.1....|
-|---------|
Set/unset mines marks or claim a cell as free: > 3 5 mine
 |123456789|
-|---------|
1|..111....|
2|..1.1....|
3|..111....|
4|.........|
5|..*......|
6|.........|
7|.........|
8|..111....|
9|..1.1....|
-|---------|
Set/unset mines marks or claim a cell as free: > 2 1 free
 |123456789|
-|---------|
1|//111////|
2|//1.1////|
3|//111////|
4|/////////|
5|/////////|
6|/////////|
7|/////////|
8|//111////|
9|//1.1////|
-|---------|
Set/unset mines marks or claim a cell as free: > 4 2 free
 |123456789|
-|---------|
1|//111////|
2|//1X1////|
3|//111////|
4|/////////|
5|/////////|
6|/////////|
7|/////////|
8|//111////|
9|//1X1////|
-|---------|
You stepped on a mine and failed!
 |123456789|
-|---------|
1|//111////|
2|//1X1////|
3|//111////|
4|/////////|
5|/////////|
6|/////////|
7|/////////|
8|//111////|
9|//1X1////|
-|---------|
?[1;31m
Start test 28?[0m
How many mines do you want? > 2
 |123456789|
-|---------|
1|12.1.....|
2|.211.....|
3|11.......|
4|.........|
5|.........|
6|.........|
7|.........|
8|.........|
9|.........|
-|---------|
Set/unset mines marks or claim a cell as free: > 7 3 free
 |123456789|
-|---------|
1|12.1/////|
2|.211/////|
3|11///////|
4|/////////|
5|/////////|
6|/////////|
7|/////////|
8|/////////|
9|/////////|
-|---------|
Set/unset mines marks or claim a cell as free: > 1 2 free
 |123456789|
-|---------|
1|12X1/////|
2|X211/////|
3|11///////|
4|/////////|
5|/////////|
6|/////////|
7|/////////|
8|/////////|
9|/////////|
-|---------|
You stepped on a mine and failed!
 |123456789|
-|---------|
1|12X1/////|
2|X211/////|
3|11///////|
4|/////////|
5|/////////|
6|/////////|
7|/////////|
8|/////////|
9|/////////|
-|---------|
?[1;31m
Start test 29?[0m
How many mines do you want? > 2
 |123456789|
-|---------|
1|.1.......|
2|11.......|
3|.........|
4|.........|
5|.........|
6|.........|
7|11.......|
8|.1.......|
9|11.......|
-|---------|
Set/unset mines marks or claim a cell as free: > 8 4 mine
 |123456789|
-|---------|
1|.1.......|
2|11.......|
3|.........|
4|.......*.|
5|.........|
6|.........|
7|11.......|
8|.1.......|
9|11.......|
-|---------|
Set/unset mines marks or claim a cell as free: > 8 2 mine
 |123456789|
-|---------|
1|.1.......|
2|11.....*.|
3|.........|
4|.......*.|
5|.........|
6|.........|
7|11.......|
8|.1.......|
9|11.......|
-|---------|
Set/unset mines marks or claim a cell as free: > 8 2 mine
 |123456789|
-|---------|
1|.1.......|
2|11.......|
3|.........|
4|.......*.|
5|.........|
6|.........|
7|11.......|
8|.1.......|
9|11.......|
-|---------|
Set/unset mines marks or claim a cell as free: > 2 6 free
 |123456789|
-|---------|
1|.1///////|
2|11///////|
3|/////////|
4|/////////|
5|/////////|
6|/////////|
7|11///////|
8|.1///////|
9|11///////|
-|---------|
Set/unset mines marks or claim a cell as free: > 1 8 mine
 |123456789|
-|---------|
1|.1///////|
2|11///////|
3|/////////|
4|/////////|
5|/////////|
6|/////////|
7|11///////|
8|*1///////|
9|11///////|
-|---------|
Set/unset mines marks or claim a cell as free: > 1 8 mine
 |123456789|
-|---------|
1|.1///////|
2|11///////|
3|/////////|
4|/////////|
5|/////////|
6|/////////|
7|11///////|
8|.1///////|
9|11///////|
-|---------|
?[1;31m
Start test 30?[0m
How many mines do you want? > 2
 |123456789|
-|---------|
1|11.......|
2|.1....111|
3|11....1.1|
4|......111|
5|.........|
6|.........|
7|.........|
8|.........|
9|.........|
-|---------|
Set/unset mines marks or claim a cell as free: > 4 4 free
 |123456789|
-|---------|
1|11///////|
2|.1////111|
3|11////1.1|
4|//////111|
5|/////////|
6|/////////|
7|/////////|
8|/////////|
9|/////////|
-|---------|
Set/unset mines marks or claim a cell as free: > 8 3 free
 |123456789|
-|---------|
1|11///////|
2|X1////111|
3|11////1X1|
4|//////111|
5|/////////|
6|/////////|
7|/////////|
8|/////////|
9|/////////|
-|---------|
You stepped on a mine and failed!
 |123456789|
-|---------|
1|11///////|
2|X1////111|
3|11////1X1|
4|//////111|
5|/////////|
6|/////////|
7|/////////|
8|/////////|
9|/////////|
-|---------|
?[1;31m
Start test 31?[0m
How many mines do you want? > 2
 |123456789|
-|---------|
1|.........|
2|.........|
3|..111....|
4|..1.1....|
5|..111....|
6|.........|
7|.111.....|
8|.1.1.....|
9|.111.....|
-|---------|
Set/unset mines marks or claim a cell as free: > 7 2 free
 |123456789|
-|---------|
1|/////////|
2|/////////|
3|//111////|
4|//1.1////|
5|//111////|
6|/////////|
7|/111/////|
8|/1.1/////|
9|/111/////|
-|---------|
Set/unset mines marks or claim a cell as free: > 4 4 free
 |123456789|
-|---------|
1|/////////|
2|/////////|
3|//111////|
4|//1X1////|
5|//111////|
6|/////////|
7|/111/////|
8|/1X1/////|
9|/111/////|
-|---------|
You stepped on a mine and failed!
 |123456789|
-|---------|
1|/////////|
2|/////////|
3|//111////|
4|//1X1////|
5|//111////|
6|/////////|
7|/111/////|
8|/1X1/////|
9|/111/////|
-|---------|
?[1;31m
Start test 32?[0m
How many mines do you want? > 2
 |123456789|
-|---------|
1|..111....|
2|..1.1....|
3|..111....|
4|.........|
5|.........|
6|.........|
7|..111....|
8|..1.1....|
9|..111....|
-|---------|
Set/unset mines marks or claim a cell as free: > 7 7 free
 |123456789|
-|---------|
1|//111////|
2|//1.1////|
3|//111////|
4|/////////|
5|/////////|
6|/////////|
7|//111////|
8|//1.1////|
9|//111////|
-|---------|
Set/unset mines marks or claim a cell as free: > 4 2 free
 |123456789|
-|---------|
1|//111////|
2|//1X1////|
3|//111////|
4|/////////|
5|/////////|
6|/////////|
7|//111////|
8|//1X1////|
9|//111////|
-|---------|
You stepped on a mine and failed!
 |123456789|
-|---------|
1|//111////|
2|//1X1////|
3|//111////|
4|/////////|
5|/////////|
6|/////////|
7|//111////|
8|//1X1////|
9|//111////|
-|---------|
?[1;31m
Start test 33?[0m
How many mines do you want? > 2
 |123456789|
-|---------|
1|.........|
2|.........|
3|.........|
4|.......11|
5|..111..1.|
6|..1.1..11|
7|..111....|
8|.........|
9|.........|
-|---------|
Set/unset mines marks or claim a cell as free: > 3 1 free
 |123456789|
-|---------|
1|/////////|
2|/////////|
3|/////////|
4|///////11|
5|//111//1.|
6|//1.1//11|
7|//111////|
8|/////////|
9|/////////|
-|---------|
Set/unset mines marks or claim a cell as free: > 4 6 free
 |123456789|
-|---------|
1|/////////|
2|/////////|
3|/////////|
4|///////11|
5|//111//1X|
6|//1X1//11|
7|//111////|
8|/////////|
9|/////////|
-|---------|
You stepped on a mine and failed!
 |123456789|
-|---------|
1|/////////|
2|/////////|
3|/////////|
4|///////11|
5|//111//1X|
6|//1X1//11|
7|//111////|
8|/////////|
9|/////////|
-|---------|
?[1;31m
Start test 34?[0m
How many mines do you want? > 2
 |123456789|
-|---------|
1|.....111.|
2|.....1.21|
3|.....12.1|
4|......111|
5|.........|
6|.........|
7|.........|
8|.........|
9|.........|
-|---------|
Set/unset mines marks or claim a cell as free: > 4 8 mine
 |123456789|
-|---------|
1|.....111.|
2|.....1.21|
3|.....12.1|
4|......111|
5|.........|
6|.........|
7|.........|
8|...*.....|
9|.........|
-|---------|
Set/unset mines marks or claim a cell as free: > 4 8 mine
 |123456789|
-|---------|
1|.....111.|
2|.....1.21|
3|.....12.1|
4|......111|
5|.........|
6|.........|
7|.........|
8|.........|
9|.........|
-|---------|
Set/unset mines marks or claim a cell as free: > 6 7 free
 |123456789|
-|---------|
1|/////111.|
2|/////1.21|
3|/////12.1|
4|//////111|
5|/////////|
6|/////////|
7|/////////|
8|/////////|
9|/////////|
-|---------|
Set/unset mines marks or claim a cell as free: > 9 1 free
 |123456789|
-|---------|
1|/////111/|
2|/////1.21|
3|/////12.1|
4|//////111|
5|/////////|
6|/////////|
7|/////////|
8|/////////|
9|/////////|
-|---------|
Set/unset mines marks or claim a cell as free: > 7 2 mine
 |123456789|
-|---------|
1|/////111/|
2|/////1*21|
3|/////12.1|
4|//////111|
5|/////////|
6|/////////|
7|/////////|
8|/////////|
9|/////////|
-|---------|
Set/unset mines marks or claim a cell as free: > 8 3 free
 |123456789|
-|---------|
1|/////111/|
2|/////1*21|
3|/////12X1|
4|//////111|
5|/////////|
6|/////////|
7|/////////|
8|/////////|
9|/////////|
-|---------|
You stepped on a mine and failed!
 |123456789|
-|---------|
1|/////111/|
2|/////1*21|
3|/////12X1|
4|//////111|
5|/////////|
6|/////////|
7|/////////|
8|/////////|
9|/////////|
-|---------|
?[1;31m
Start test 35?[0m
How many mines do you want? > 2
 |123456789|
-|---------|
1|.111.....|
2|.1.1..111|
3|.111..1.1|
4|......111|
5|.........|
6|.........|
7|.........|
8|.........|
9|.........|
-|---------|
Set/unset mines marks or claim a cell as free: > 1 8 free
 |123456789|
-|---------|
1|/111/////|
2|/1.1//111|
3|/111//1.1|
4|//////111|
5|/////////|
6|/////////|
7|/////////|
8|/////////|
9|/////////|
-|---------|
Set/unset mines marks or claim a cell as free: > 8 3 mine
 |123456789|
-|---------|
1|/111/////|
2|/1.1//111|
3|/111//1*1|
4|//////111|
5|/////////|
6|/////////|
7|/////////|
8|/////////|
9|/////////|
-|---------|
Set/unset mines marks or claim a cell as free: > 3 2 free
 |123456789|
-|---------|
1|/111/////|
2|/1X1//111|
3|/111//1*1|
4|//////111|
5|/////////|
6|/////////|
7|/////////|
8|/////////|
9|/////////|
-|---------|
You stepped on a mine and failed!
 |123456789|
-|---------|
1|/111/////|
2|/1X1//111|
3|/111//1*1|
4|//////111|
5|/////////|
6|/////////|
7|/////////|
8|/////////|
9|/////////|
-|---------|
?[1;31m
Start test 36?[0m
How many mines do you want? > 2
 |123456789|
-|---------|
1|...111...|
2|...1.1...|
3|...111...|
4|.........|
5|..111....|
6|..1.1....|
7|..111....|
8|.........|
9|.........|
-|---------|
Set/unset mines marks or claim a cell as free: > 3 8 free
 |123456789|
-|---------|
1|///111///|
2|///1.1///|
3|///111///|
4|/////////|
5|//111////|
6|//1.1////|
7|//111////|
8|/////////|
9|/////////|
-|---------|
Set/unset mines marks or claim a cell as free: > 5 2 mine
 |123456789|
-|---------|
1|///111///|
2|///1*1///|
3|///111///|
4|/////////|
5|//111////|
6|//1.1////|
7|//111////|
8|/////////|
9|/////////|
-|---------|
Set/unset mines marks or claim a cell as free: > 4 6 mine
 |123456789|
-|---------|
1|///111///|
2|///1*1///|
3|///111///|
4|/////////|
5|//111////|
6|//1*1////|
7|//111////|
8|/////////|
9|/////////|
-|---------|
?[1;31m
Start test 37?[0m
How many mines do you want? > 2
 |123456789|
-|---------|
1|.........|
2|.........|
3|....111..|
4|....1.1..|
5|....111..|
6|.........|
7|.........|
8|.111.....|
9|.1.1.....|
-|---------|
Set/unset mines marks or claim a cell as free: > 6 6 mine
 |123456789|
-|---------|
1|.........|
2|.........|
3|....111..|
4|....1.1..|
5|....111..|
6|.....*...|
7|.........|
8|.111.....|
9|.1.1.....|
-|---------|
Set/unset mines marks or claim a cell as free: > 6 6 mine
 |123456789|
-|---------|
1|.........|
2|.........|
3|....111..|
4|....1.1..|
5|....111..|
6|.........|
7|.........|
8|.111.....|
9|.1.1.....|
-|---------|
Set/unset mines marks or claim a cell as free: > 3 4 free
 |123456789|
-|---------|
1|/////////|
2|/////////|
3|////111//|
4|////1.1//|
5|////111//|
6|/////////|
7|/////////|
8|/111/////|
9|/1.1/////|
-|---------|
Set/unset mines marks or claim a cell as free: > 6 4 mine
 |123456789|
-|---------|
1|/////////|
2|/////////|
3|////111//|
4|////1*1//|
5|////111//|
6|/////////|
7|/////////|
8|/111/////|
9|/1.1/////|
-|---------|
Set/unset mines marks or claim a cell as free: > 3 9 mine
 |123456789|
-|---------|
1|/////////|
2|/////////|
3|////111//|
4|////1*1//|
5|////111//|
6|/////////|
7|/////////|
8|/111/////|
9|/1*1/////|
-|---------|
?[1;31m
Start test 38?[0m
How many mines do you want? > 2
 |123456789|
-|---------|
1|1.1......|
2|11211....|
3|..1.1....|
4|..111....|
5|.........|
6|.........|
7|.........|
8|.........|
9|.........|
-|---------|
Set/unset mines marks or claim a cell as free: > 8 5 free
 |123456789|
-|---------|
1|1.1//////|
2|11211////|
3|//1.1////|
4|//111////|
5|/////////|
6|/////////|
7|/////////|
8|/////////|
9|/////////|
-|---------|
Set/unset mines marks or claim a cell as free: > 2 1 free
 |123456789|
-|---------|
1|1X1//////|
2|11211////|
3|//1X1////|
4|//111////|
5|/////////|
6|/////////|
7|/////////|
8|/////////|
9|/////////|
-|---------|
You stepped on a mine and failed!
 |123456789|
-|---------|
1|1X1//////|
2|11211////|
3|//1X1////|
4|//111////|
5|/////////|
6|/////////|
7|/////////|
8|/////////|
9|/////////|
-|---------|
?[1;31m
Start test 39?[0m
How many mines do you want? > 2
 |123456789|
-|---------|
1|.........|
2|.....111.|
3|.....1.1.|
4|.....111.|
5|.........|
6|.........|
7|.....111.|
8|.....1.1.|
9|.....111.|
-|---------|
Set/unset mines marks or claim a cell as free: > 9 5 mine
 |123456789|
-|---------|
1|.........|
2|.....111.|
3|.....1.1.|
4|.....111.|
5|........*|
6|.........|
7|.....111.|
8|.....1.1.|
9|.....111.|
-|---------|
Set/unset mines marks or claim a cell as free: > 3 1 mine
 |123456789|
-|---------|
1|..*......|
2|.....111.|
3|.....1.1.|
4|.....111.|
5|........*|
6|.........|
7|.....111.|
8|.....1.1.|
9|.....111.|
-|---------|
Set/unset mines marks or claim a cell as free: > 9 1 free
 |123456789|
-|---------|
1|/////////|
2|/////111/|
3|/////1.1/|
4|/////111/|
5|/////////|
6|/////////|
7|/////111/|
8|/////1.1/|
9|/////111/|
-|---------|
Set/unset mines marks or claim a cell as free: > 7 3 mine
 |123456789|
-|---------|
1|/////////|
2|/////111/|
3|/////1*1/|
4|/////111/|
5|/////////|
6|/////////|
7|/////111/|
8|/////1.1/|
9|/////111/|
-|---------|
Set/unset mines marks or claim a cell as free: > 7 8 mine
 |123456789|
-|---------|
1|/////////|
2|/////111/|
3|/////1*1/|
4|/////111/|
5|/////////|
6|/////////|
7|/////111/|
8|/////1*1/|
9|/////111/|
-|---------|
?[1;31m
Start test 40?[0m
How many mines do you want? > 2
 |123456789|
-|---------|
1|.......11|
2|.......2.|
3|.......2.|
4|.......11|
5|.........|
6|.........|
7|.........|
8|.........|
9|.........|
-|---------|
Set/unset mines marks or claim a cell as free: > 2 8 free
 |123456789|
-|---------|
1|///////11|
2|///////2.|
3|///////2.|
4|///////11|
5|/////////|
6|/////////|
7|/////////|
8|/////////|
9|/////////|
-|---------|
Set/unset mines marks or claim a cell as free: > 9 3 free
 |123456789|
-|---------|
1|///////11|
2|///////2X|
3|///////2X|
4|///////11|
5|/////////|
6|/////////|
7|/////////|
8|/////////|
9|/////////|
-|---------|
You stepped on a mine and failed!
 |123456789|
-|---------|
1|///////11|
2|///////2X|
3|///////2X|
4|///////11|
5|/////////|
6|/////////|
7|/////////|
8|/////////|
9|/////////|
-|---------|
?[1;31m
Start test 41?[0m
How many mines do you want? > 3
 |123456789|
-|---------|
1|.........|
2|.........|
3|.........|
4|.........|
5|.........|
6|.....111.|
7|...112.21|
8|...1.22.1|
9|...111111|
-|---------|
Set/unset mines marks or claim a cell as free: > 7 4 mine
 |123456789|
-|---------|
1|.........|
2|.........|
3|.........|
4|......*..|
5|.........|
6|.....111.|
7|...112.21|
8|...1.22.1|
9|...111111|
-|---------|
Set/unset mines marks or claim a cell as free: > 5 8 mine
 |123456789|
-|---------|
1|.........|
2|.........|
3|.........|
4|......*..|
5|.........|
6|.....111.|
7|...112.21|
8|...1*22.1|
9|...111111|
-|---------|
Set/unset mines marks or claim a cell as free: > 7 4 mine
 |123456789|
-|---------|
1|.........|
2|.........|
3|.........|
4|.........|
5|.........|
6|.....111.|
7|...112.21|
8|...1*22.1|
9|...111111|
-|---------|
Set/unset mines marks or claim a cell as free: > 5 8 mine
 |123456789|
-|---------|
1|.........|
2|.........|
3|.........|
4|.........|
5|.........|
6|.....111.|
7|...112.21|
8|...1.22.1|
9|...111111|
-|---------|
Set/unset mines marks or claim a cell as free: > 4 2 mine
 |123456789|
-|---------|
1|.........|
2|...*.....|
3|.........|
4|.........|
5|.........|
6|.....111.|
7|...112.21|
8|...1.22.1|
9|...111111|
-|---------|
Set/unset mines marks or claim a cell as free: > 4 2 mine
 |123456789|
-|---------|
1|.........|
2|.........|
3|.........|
4|.........|
5|.........|
6|.....111.|
7|...112.21|
8|...1.22.1|
9|...111111|
-|---------|
Set/unset mines marks or claim a cell as free: > 9 2 free
 |123456789|
-|---------|
1|/////////|
2|/////////|
3|/////////|
4|/////////|
5|/////////|
6|/////111/|
7|///112.21|
8|///1.22.1|
9|///111111|
-|---------|
Set/unset mines marks or claim a cell as free: > 7 7 free
 |123456789|
-|---------|
1|/////////|
2|/////////|
3|/////////|
4|/////////|
5|/////////|
6|/////111/|
7|///112X21|
8|///1.22X1|
9|///111111|
-|---------|
You stepped on a mine and failed!
 |123456789|
-|---------|
1|/////////|
2|/////////|
3|/////////|
4|/////////|
5|/////////|
6|/////111/|
7|///112X21|
8|///1.22X1|
9|///111111|
-|---------|
?[1;31m
Start test 42?[0m
How many mines do you want? > 3
 |123456789|
-|---------|
1|.........|
2|.111.....|
3|.1.1.....|
4|1211...11|
5|.1.....1.|
6|11.....11|
7|.........|
8|.........|
9|.........|
-|---------|
Set/unset mines marks or claim a cell as free: > 6 4 free
 |123456789|
-|---------|
1|/////////|
2|/111/////|
3|/1.1/////|
4|1211///11|
5|.1/////1.|
6|11/////11|
7|/////////|
8|/////////|
9|/////////|
-|---------|
Set/unset mines marks or claim a cell as free: > 9 5 free
 |123456789|
-|---------|
1|/////////|
2|/111/////|
3|/1X1/////|
4|1211///11|
5|X1/////1X|
6|11/////11|
7|/////////|
8|/////////|
9|/////////|
-|---------|
You stepped on a mine and failed!
 |123456789|
-|---------|
1|/////////|
2|/111/////|
3|/1X1/////|
4|1211///11|
5|X1/////1X|
6|11/////11|
7|/////////|
8|/////////|
9|/////////|
-|---------|
?[1;31m
Start test 43?[0m
How many mines do you want? > 3
 |123456789|
-|---------|
1|.........|
2|.........|
3|.........|
4|......111|
5|......1.1|
6|......111|
7|..1221...|
8|..1..1...|
9|..1221...|
-|---------|
Set/unset mines marks or claim a cell as free: > 4 5 free
 |123456789|
-|---------|
1|/////////|
2|/////////|
3|/////////|
4|//////111|
5|//////1.1|
6|//////111|
7|//1221///|
8|//1..1///|
9|//1221///|
-|---------|
Set/unset mines marks or claim a cell as free: > 4 8 mine
 |123456789|
-|---------|
1|/////////|
2|/////////|
3|/////////|
4|//////111|
5|//////1.1|
6|//////111|
7|//1221///|
8|//1*.1///|
9|//1221///|
-|---------|
Set/unset mines marks or claim a cell as free: > 5 8 mine
 |123456789|
-|---------|
1|/////////|
2|/////////|
3|/////////|
4|//////111|
5|//////1.1|
6|//////111|
7|//1221///|
8|//1**1///|
9|//1221///|
-|---------|
Set/unset mines marks or claim a cell as free: > 4 8 mine
 |123456789|
-|---------|
1|/////////|
2|/////////|
3|/////////|
4|//////111|
5|//////1.1|
6|//////111|
7|//1221///|
8|//1.*1///|
9|//1221///|
-|---------|
?[1;31m
Start test 44?[0m
How many mines do you want? > 3
 |123456789|
-|---------|
1|.........|
2|.........|
3|.........|
4|......111|
5|......1.1|
6|....11211|
7|....1.1..|
8|....11111|
9|.......1.|
-|---------|
Set/unset mines marks or claim a cell as free: > 2 4 free
 |123456789|
-|---------|
1|/////////|
2|/////////|
3|/////////|
4|//////111|
5|//////1.1|
6|////11211|
7|////1.1..|
8|////11111|
9|///////1.|
-|---------|
Set/unset mines marks or claim a cell as free: > 8 5 free
 |123456789|
-|---------|
1|/////////|
2|/////////|
3|/////////|
4|//////111|
5|//////1X1|
6|////11211|
7|////1X1..|
8|////11111|
9|///////1X|
-|---------|
You stepped on a mine and failed!
 |123456789|
-|---------|
1|/////////|
2|/////////|
3|/////////|
4|//////111|
5|//////1X1|
6|////11211|
7|////1X1..|
8|////11111|
9|///////1X|
-|---------|
?[1;31m
Start test 45?[0m
How many mines do you want? > 3
 |123456789|
-|---------|
1|.......1.|
2|.111...11|
3|.1.1.....|
4|.111.....|
5|.........|
6|111......|
7|1.1......|
8|111......|
9|.........|
-|---------|
Set/unset mines marks or claim a cell as free: > 8 4 free
 |123456789|
-|---------|
1|///////1.|
2|/111///11|
3|/1.1/////|
4|/111/////|
5|/////////|
6|111//////|
7|1.1//////|
8|111//////|
9|/////////|
-|---------|
Set/unset mines marks or claim a cell as free: > 3 3 free
 |123456789|
-|---------|
1|///////1X|
2|/111///11|
3|/1X1/////|
4|/111/////|
5|/////////|
6|111//////|
7|1X1//////|
8|111//////|
9|/////////|
-|---------|
You stepped on a mine and failed!
 |123456789|
-|---------|
1|///////1X|
2|/111///11|
3|/1X1/////|
4|/111/////|
5|/////////|
6|111//////|
7|1X1//////|
8|111//////|
9|/////////|
-|---------|
?[1;31m
Start test 46?[0m
How many mines do you want? > 3
 |123456789|
-|---------|
1|.........|
2|.........|
3|..111....|
4|112.1....|
5|1.211....|
6|111......|
7|.........|
8|.......11|
9|.......1.|
-|---------|
Set/unset mines marks or claim a cell as free: > 7 1 free
 |123456789|
-|---------|
1|/////////|
2|/////////|
3|//111////|
4|112.1////|
5|1.211////|
6|111//////|
7|/////////|
8|///////11|
9|///////1.|
-|---------|
Set/unset mines marks or claim a cell as free: > 2 5 free
 |123456789|
-|---------|
1|/////////|
2|/////////|
3|//111////|
4|112X1////|
5|1X211////|
6|111//////|
7|/////////|
8|///////11|
9|///////1X|
-|---------|
You stepped on a mine and failed!
 |123456789|
-|---------|
1|/////////|
2|/////////|
3|//111////|
4|112X1////|
5|1X211////|
6|111//////|
7|/////////|
8|///////11|
9|///////1X|
-|---------|
?[1;31m
Start test 47?[0m
How many mines do you want? > 3
 |123456789|
-|---------|
1|.1..1.1..|
2|11..111..|
3|.........|
4|.........|
5|.........|
6|.111.....|
7|.1.1.....|
8|.111.....|
9|.........|
-|---------|
Set/unset mines marks or claim a cell as free: > 5 3 free
 |123456789|
-|---------|
1|.1//1.1//|
2|11//111//|
3|/////////|
4|/////////|
5|/////////|
6|/111/////|
7|/1.1/////|
8|/111/////|
9|/////////|
-|---------|
Set/unset mines marks or claim a cell as free: > 1 1 free
 |123456789|
-|---------|
1|X1//1X1//|
2|11//111//|
3|/////////|
4|/////////|
5|/////////|
6|/111/////|
7|/1X1/////|
8|/111/////|
9|/////////|
-|---------|
You stepped on a mine and failed!
 |123456789|
-|---------|
1|X1//1X1//|
2|11//111//|
3|/////////|
4|/////////|
5|/////////|
6|/111/////|
7|/1X1/////|
8|/111/////|
9|/////////|
-|---------|
?[1;31m
Start test 48?[0m
How many mines do you want? > 3
 |123456789|
-|---------|
1|.1.1.1...|
2|11.111...|
3|.........|
4|......111|
5|......1.1|
6|......111|
7|.........|
8|.........|
9|.........|
-|---------|
Set/unset mines marks or claim a cell as free: > 3 9 mine
 |123456789|
-|---------|
1|.1.1.1...|
2|11.111...|
3|.........|
4|......111|
5|......1.1|
6|......111|
7|.........|
8|.........|
9|..*......|
-|---------|
Set/unset mines marks or claim a cell as free: > 3 4 mine
 |123456789|
-|---------|
1|.1.1.1...|
2|11.111...|
3|.........|
4|..*...111|
5|......1.1|
6|......111|
7|.........|
8|.........|
9|..*......|
-|---------|
Set/unset mines marks or claim a cell as free: > 1 5 mine
 |123456789|
-|---------|
1|.1.1.1...|
2|11.111...|
3|.........|
4|..*...111|
5|*.....1.1|
6|......111|
7|.........|
8|.........|
9|..*......|
-|---------|
Set/unset mines marks or claim a cell as free: > 1 1 mine
 |123456789|
-|---------|
1|*1.1.1...|
2|11.111...|
3|.........|
4|..*...111|
5|*.....1.1|
6|......111|
7|.........|
8|.........|
9|..*......|
-|---------|
Set/unset mines marks or claim a cell as free: > 6 3 mine
 |123456789|
-|---------|
1|*1.1.1...|
2|11.111...|
3|.....*...|
4|..*...111|
5|*.....1.1|
6|......111|
7|.........|
8|.........|
9|..*......|
-|---------|
Set/unset mines marks or claim a cell as free: > 4 6 mine
 |123456789|
-|---------|
1|*1.1.1...|
2|11.111...|
3|.....*...|
4|..*...111|
5|*.....1.1|
6|...*..111|
7|.........|
8|.........|
9|..*......|
-|---------|
Set/unset mines marks or claim a cell as free: > 1 7 free
 |123456789|
-|---------|
1|*1/1.1///|
2|11/111///|
3|/////////|
4|//////111|
5|//////1.1|
6|//////111|
7|/////////|
8|/////////|
9|/////////|
-|---------|
Set/unset mines marks or claim a cell as free: > 8 5 free
 |123456789|
-|---------|
1|*1/1X1///|
2|11/111///|
3|/////////|
4|//////111|
5|//////1X1|
6|//////111|
7|/////////|
8|/////////|
9|/////////|
-|---------|
You stepped on a mine and failed!
 |123456789|
-|---------|
1|*1/1X1///|
2|11/111///|
3|/////////|
4|//////111|
5|//////1X1|
6|//////111|
7|/////////|
8|/////////|
9|/////////|
-|---------|
?[1;31m
Start test 49?[0m
How many mines do you want? > 3
 |123456789|
-|---------|
1|1.1......|
2|111......|
3|.........|
4|.........|
5|.........|
6|.111.....|
7|.1.1.....|
8|.11211...|
9|...1.1...|
-|---------|
Set/unset mines marks or claim a cell as free: > 7 6 mine
 |123456789|
-|---------|
1|1.1......|
2|111......|
3|.........|
4|.........|
5|.........|
6|.111..*..|
7|.1.1.....|
8|.11211...|
9|...1.1...|
-|---------|
Set/unset mines marks or claim a cell as free: > 7 6 mine
 |123456789|
-|---------|
1|1.1......|
2|111......|
3|.........|
4|.........|
5|.........|
6|.111.....|
7|.1.1.....|
8|.11211...|
9|...1.1...|
-|---------|
Set/unset mines marks or claim a cell as free: > 8 4 free
 |123456789|
-|---------|
1|1.1//////|
2|111//////|
3|/////////|
4|/////////|
5|/////////|
6|/111/////|
7|/1.1/////|
8|/11211///|
9|///1.1///|
-|---------|
Set/unset mines marks or claim a cell as free: > 5 9 mine
 |123456789|
-|---------|
1|1.1//////|
2|111//////|
3|/////////|
4|/////////|
5|/////////|
6|/111/////|
7|/1.1/////|
8|/11211///|
9|///1*1///|
-|---------|
Set/unset mines marks or claim a cell as free: > 3 7 free
 |123456789|
-|---------|
1|1X1//////|
2|111//////|
3|/////////|
4|/////////|
5|/////////|
6|/111/////|
7|/1X1/////|
8|/11211///|
9|///1*1///|
-|---------|
You stepped on a mine and failed!
 |123456789|
-|---------|
1|1X1//////|
2|111//////|
3|/////////|
4|/////////|
5|/////////|
6|/111/////|
7|/1X1/////|
8|/11211///|
9|///1*1///|
-|---------|
?[1;31m
Start test 50?[0m
How many mines do you want? > 3
 |123456789|
-|---------|
1|.........|
2|.........|
3|111......|
4|1.1......|
5|111....11|
6|.......1.|
7|.......22|
8|.......1.|
9|.......11|
-|---------|
Set/unset mines marks or claim a cell as free: > 5 6 free
 |123456789|
-|---------|
1|/////////|
2|/////////|
3|111//////|
4|1.1//////|
5|111////11|
6|///////1.|
7|///////22|
8|///////1.|
9|///////11|
-|---------|
Set/unset mines marks or claim a cell as free: > 2 4 free
 |123456789|
-|---------|
1|/////////|
2|/////////|
3|111//////|
4|1X1//////|
5|111////11|
6|///////1X|
7|///////22|
8|///////1X|
9|///////11|
-|---------|
You stepped on a mine and failed!
 |123456789|
-|---------|
1|/////////|
2|/////////|
3|111//////|
4|1X1//////|
5|111////11|
6|///////1X|
7|///////22|
8|///////1X|
9|///////11|
-|---------|
?[1;31m
Start test 51?[0m
How many mines do you want? > 3
 |123456789|
-|---------|
1|.........|
2|.........|
3|.........|
4|.........|
5|.........|
6|..111....|
7|..1.1....|
8|11111..11|
9|.1.....1.|
-|---------|
Set/unset mines marks or claim a cell as free: > 6 4 mine
 |123456789|
-|---------|
1|.........|
2|.........|
3|.........|
4|.....*...|
5|.........|
6|..111....|
7|..1.1....|
8|11111..11|
9|.1.....1.|
-|---------|
Set/unset mines marks or claim a cell as free: > 9 9 free
 |123456789|
-|---------|
1|.........|
2|.........|
3|.........|
4|.....*...|
5|.........|
6|..111....|
7|..1X1....|
8|11111..11|
9|X1.....1X|
-|---------|
You stepped on a mine and failed!
 |123456789|
-|---------|
1|.........|
2|.........|
3|.........|
4|.....*...|
5|.........|
6|..111....|
7|..1X1....|
8|11111..11|
9|X1.....1X|
-|---------|
?[1;31m
Start test 52?[0m
How many mines do you want? > 3
 |123456789|
-|---------|
1|.....1.1.|
2|.....111.|
3|.........|
4|.........|
5|.111...11|
6|.1.1...1.|
7|.111...11|
8|.........|
9|.........|
-|---------|
Set/unset mines marks or claim a cell as free: > 8 9 free
 |123456789|
-|---------|
1|/////1.1/|
2|/////111/|
3|/////////|
4|/////////|
5|/111///11|
6|/1.1///1.|
7|/111///11|
8|/////////|
9|/////////|
-|---------|
Set/unset mines marks or claim a cell as free: > 3 6 free
 |123456789|
-|---------|
1|/////1X1/|
2|/////111/|
3|/////////|
4|/////////|
5|/111///11|
6|/1X1///1X|
7|/111///11|
8|/////////|
9|/////////|
-|---------|
You stepped on a mine and failed!
 |123456789|
-|---------|
1|/////1X1/|
2|/////111/|
3|/////////|
4|/////////|
5|/111///11|
6|/1X1///1X|
7|/111///11|
8|/////////|
9|/////////|
-|---------|
?[1;31m
Start test 53?[0m
How many mines do you want? > 3
 |123456789|
-|---------|
1|..111.1.1|
2|..1.1.111|
3|..111....|
4|.........|
5|.........|
6|.........|
7|.........|
8|...111...|
9|...1.1...|
-|---------|
Set/unset mines marks or claim a cell as free: > 8 1 free
 |123456789|
-|---------|
1|..111.1X1|
2|..1X1.111|
3|..111....|
4|.........|
5|.........|
6|.........|
7|.........|
8|...111...|
9|...1X1...|
-|---------|
You stepped on a mine and failed!
 |123456789|
-|---------|
1|..111.1X1|
2|..1X1.111|
3|..111....|
4|.........|
5|.........|
6|.........|
7|.........|
8|...111...|
9|...1X1...|
-|---------|
?[1;31m
Start test 54?[0m
How many mines do you want? > 3
 |123456789|
-|---------|
1|.........|
2|11.......|
3|.1.......|
4|11.......|
5|.........|
6|...111...|
7|...1.1.11|
8|...111.1.|
9|.......11|
-|---------|
Set/unset mines marks or claim a cell as free: > 7 4 free
 |123456789|
-|---------|
1|/////////|
2|11///////|
3|.1///////|
4|11///////|
5|/////////|
6|///111///|
7|///1.1/11|
8|///111/1.|
9|///////11|
-|---------|
Set/unset mines marks or claim a cell as free: > 1 3 free
 |123456789|
-|---------|
1|/////////|
2|11///////|
3|X1///////|
4|11///////|
5|/////////|
6|///111///|
7|///1X1/11|
8|///111/1X|
9|///////11|
-|---------|
You stepped on a mine and failed!
 |123456789|
-|---------|
1|/////////|
2|11///////|
3|X1///////|
4|11///////|
5|/////////|
6|///111///|
7|///1X1/11|
8|///111/1X|
9|///////11|
-|---------|
?[1;31m
Start test 55?[0m
How many mines do you want? > 3
 |123456789|
-|---------|
1|111......|
2|1.1......|
3|111......|
4|..111....|
5|..1.1....|
6|..111....|
7|.........|
8|......111|
9|......1.1|
-|---------|
Set/unset mines marks or claim a cell as free: > 4 1 free
 |123456789|
-|---------|
1|111//////|
2|1.1//////|
3|111//////|
4|//111////|
5|//1.1////|
6|//111////|
7|/////////|
8|//////111|
9|//////1.1|
-|---------|
Set/unset mines marks or claim a cell as free: > 8 9 free
 |123456789|
-|---------|
1|111//////|
2|1X1//////|
3|111//////|
4|//111////|
5|//1X1////|
6|//111////|
7|/////////|
8|//////111|
9|//////1X1|
-|---------|
You stepped on a mine and failed!
 |123456789|
-|---------|
1|111//////|
2|1X1//////|
3|111//////|
4|//111////|
5|//1X1////|
6|//111////|
7|/////////|
8|//////111|
9|//////1X1|
-|---------|
?[1;31m
Start test 56?[0m
How many mines do you want? > 3
 |123456789|
-|---------|
1|.........|
2|.........|
3|.........|
4|.111.....|
5|.1.1.....|
6|.111.....|
7|.........|
8|..111..11|
9|..1.1..1.|
-|---------|
Set/unset mines marks or claim a cell as free: > 1 2 mine
 |123456789|
-|---------|
1|.........|
2|*........|
3|.........|
4|.111.....|
5|.1.1.....|
6|.111.....|
7|.........|
8|..111..11|
9|..1.1..1.|
-|---------|
Set/unset mines marks or claim a cell as free: > 8 5 free
 |123456789|
-|---------|
1|/////////|
2|/////////|
3|/////////|
4|/111/////|
5|/1.1/////|
6|/111/////|
7|/////////|
8|//111//11|
9|//1.1//1.|
-|---------|
Set/unset mines marks or claim a cell as free: > 9 9 free
 |123456789|
-|---------|
1|/////////|
2|/////////|
3|/////////|
4|/111/////|
5|/1X1/////|
6|/111/////|
7|/////////|
8|//111//11|
9|//1X1//1X|
-|---------|
You stepped on a mine and failed!
 |123456789|
-|---------|
1|/////////|
2|/////////|
3|/////////|
4|/111/////|
5|/1X1/////|
6|/111/////|
7|/////////|
8|//111//11|
9|//1X1//1X|
-|---------|
?[1;31m
Start test 57?[0m
How many mines do you want? > 3
 |123456789|
-|---------|
1|.........|
2|.........|
3|.........|
4|.........|
5|11.......|
6|.1.......|
7|221......|
8|1.211....|
9|112.1....|
-|---------|
Set/unset mines marks or claim a cell as free: > 4 6 free
 |123456789|
-|---------|
1|/////////|
2|/////////|
3|/////////|
4|/////////|
5|11///////|
6|.1///////|
7|221//////|
8|1.211////|
9|112.1////|
-|---------|
Set/unset mines marks or claim a cell as free: > 2 8 mine
 |123456789|
-|---------|
1|/////////|
2|/////////|
3|/////////|
4|/////////|
5|11///////|
6|.1///////|
7|221//////|
8|1*211////|
9|112.1////|
-|---------|
Set/unset mines marks or claim a cell as free: > 2 8 mine
 |123456789|
-|---------|
1|/////////|
2|/////////|
3|/////////|
4|/////////|
5|11///////|
6|.1///////|
7|221//////|
8|1.211////|
9|112.1////|
-|---------|
Set/unset mines marks or claim a cell as free: > 1 6 free
 |123456789|
-|---------|
1|/////////|
2|/////////|
3|/////////|
4|/////////|
5|11///////|
6|X1///////|
7|221//////|
8|1.211////|
9|112X1////|
-|---------|
You stepped on a mine and failed!
 |123456789|
-|---------|
1|/////////|
2|/////////|
3|/////////|
4|/////////|
5|11///////|
6|X1///////|
7|221//////|
8|1.211////|
9|112X1////|
-|---------|
?[1;31m
Start test 58?[0m
How many mines do you want? > 3
 |123456789|
-|---------|
1|.1.......|
2|11.......|
3|.....111.|
4|.....1.21|
5|.....12.1|
6|......111|
7|.........|
8|.........|
9|.........|
-|---------|
Set/unset mines marks or claim a cell as free: > 4 2 free
 |123456789|
-|---------|
1|.1///////|
2|11///////|
3|/////111/|
4|/////1.21|
5|/////12.1|
6|//////111|
7|/////////|
8|/////////|
9|/////////|
-|---------|
Set/unset mines marks or claim a cell as free: > 8 5 free
 |123456789|
-|---------|
1|X1///////|
2|11///////|
3|/////111/|
4|/////1X21|
5|/////12X1|
6|//////111|
7|/////////|
8|/////////|
9|/////////|
-|---------|
You stepped on a mine and failed!
 |123456789|
-|---------|
1|X1///////|
2|11///////|
3|/////111/|
4|/////1X21|
5|/////12X1|
6|//////111|
7|/////////|
8|/////////|
9|/////////|
-|---------|
?[1;31m
Start test 59?[0m
How many mines do you want? > 3
 |123456789|
-|---------|
1|.......1.|
2|.......11|
3|.........|
4|.........|
5|...111...|
6|...1.1...|
7|...111...|
8|...111...|
9|...1.1...|
-|---------|
Set/unset mines marks or claim a cell as free: > 3 2 free
 |123456789|
-|---------|
1|///////1.|
2|///////11|
3|/////////|
4|/////////|
5|///111///|
6|///1.1///|
7|///111///|
8|///111///|
9|///1.1///|
-|---------|
Set/unset mines marks or claim a cell as free: > 5 9 free
 |123456789|
-|---------|
1|///////1X|
2|///////11|
3|/////////|
4|/////////|
5|///111///|
6|///1X1///|
7|///111///|
8|///111///|
9|///1X1///|
-|---------|
You stepped on a mine and failed!
 |123456789|
-|---------|
1|///////1X|
2|///////11|
3|/////////|
4|/////////|
5|///111///|
6|///1X1///|
7|///111///|
8|///111///|
9|///1X1///|
-|---------|
?[1;31m
Start test 60?[0m
How many mines do you want? > 3
 |123456789|
-|---------|
1|.1.......|
2|11.......|
3|.........|
4|11.111...|
5|.1.1.1...|
6|11.111...|
7|.........|
8|.........|
9|.........|
-|---------|
Set/unset mines marks or claim a cell as free: > 6 7 free
 |123456789|
-|---------|
1|.1///////|
2|11///////|
3|/////////|
4|11/111///|
5|.1/1.1///|
6|11/111///|
7|/////////|
8|/////////|
9|/////////|
-|---------|
Set/unset mines marks or claim a cell as free: > 5 5 mine
 |123456789|
-|---------|
1|.1///////|
2|11///////|
3|/////////|
4|11/111///|
5|.1/1*1///|
6|11/111///|
7|/////////|
8|/////////|
9|/////////|
-|---------|
Set/unset mines marks or claim a cell as free: > 1 5 free
 |123456789|
-|---------|
1|X1///////|
2|11///////|
3|/////////|
4|11/111///|
5|X1/1*1///|
6|11/111///|
7|/////////|
8|/////////|
9|/////////|
-|---------|
You stepped on a mine and failed!
 |123456789|
-|---------|
1|X1///////|
2|11///////|
3|/////////|
4|11/111///|
5|X1/1*1///|
6|11/111///|
7|/////////|
8|/////////|
9|/////////|
-|---------|
?[1;31m
Start test 61?[0m
How many mines do you want? > 4
 |123456789|
-|---------|
1|.........|
2|.........|
3|.........|
4|.........|
5|..111..11|
6|112.1..1.|
7|1.211..22|
8|111....1.|
9|.......11|
-|---------|
Set/unset mines marks or claim a cell as free: > 3 2 free
 |123456789|
-|---------|
1|/////////|
2|/////////|
3|/////////|
4|/////////|
5|//111//11|
6|112.1//1.|
7|1.211//22|
8|111////1.|
9|///////11|
-|---------|
Set/unset mines marks or claim a cell as free: > 9 8 mine
 |123456789|
-|---------|
1|/////////|
2|/////////|
3|/////////|
4|/////////|
5|//111//11|
6|112.1//1.|
7|1.211//22|
8|111////1*|
9|///////11|
-|---------|
Set/unset mines marks or claim a cell as free: > 2 7 free
 |123456789|
-|---------|
1|/////////|
2|/////////|
3|/////////|
4|/////////|
5|//111//11|
6|112X1//1X|
7|1X211//22|
8|111////1*|
9|///////11|
-|---------|
You stepped on a mine and failed!
 |123456789|
-|---------|
1|/////////|
2|/////////|
3|/////////|
4|/////////|
5|//111//11|
6|112X1//1X|
7|1X211//22|
8|111////1*|
9|///////11|
-|---------|
?[1;31m
Start test 62?[0m
How many mines do you want? > 4
 |123456789|
-|---------|
1|......111|
2|......1.1|
3|......111|
4|11...111.|
5|.1...1.1.|
6|11...111.|
7|......111|
8|......1.1|
9|......111|
-|---------|
Set/unset mines marks or claim a cell as free: > 7 5 mine
 |123456789|
-|---------|
1|......111|
2|......1.1|
3|......111|
4|11...111.|
5|.1...1*1.|
6|11...111.|
7|......111|
8|......1.1|
9|......111|
-|---------|
Set/unset mines marks or claim a cell as free: > 4 4 free
 |123456789|
-|---------|
1|//////111|
2|//////1.1|
3|//////111|
4|11///111.|
5|.1///1*1.|
6|11///111.|
7|//////111|
8|//////1.1|
9|//////111|
-|---------|
Set/unset mines marks or claim a cell as free: > 1 5 mine
 |123456789|
-|---------|
1|//////111|
2|//////1.1|
3|//////111|
4|11///111.|
5|*1///1*1.|
6|11///111.|
7|//////111|
8|//////1.1|
9|//////111|
-|---------|
Set/unset mines marks or claim a cell as free: > 9 5 free
 |123456789|
-|---------|
1|//////111|
2|//////1.1|
3|//////111|
4|11///111/|
5|*1///1*1/|
6|11///111/|
7|//////111|
8|//////1.1|
9|//////111|
-|---------|
Set/unset mines marks or claim a cell as free: > 8 8 free
 |123456789|
-|---------|
1|//////111|
2|//////1X1|
3|//////111|
4|11///111/|
5|*1///1*1/|
6|11///111/|
7|//////111|
8|//////1X1|
9|//////111|
-|---------|
You stepped on a mine and failed!
 |123456789|
-|---------|
1|//////111|
2|//////1X1|
3|//////111|
4|11///111/|
5|*1///1*1/|
6|11///111/|
7|//////111|
8|//////1X1|
9|//////111|
-|---------|
?[1;31m
Start test 63?[0m
How many mines do you want? > 4
 |123456789|
-|---------|
1|.........|
2|.........|
3|..111..11|
4|..1.1..1.|
5|..1222121|
6|...1.2.1.|
7|...11211.|
8|.........|
9|.........|
-|---------|
Set/unset mines marks or claim a cell as free: > 3 6 free
 |123456789|
-|---------|
1|/////////|
2|/////////|
3|//111//11|
4|//1.1//1.|
5|//1222121|
6|///1.2.1/|
7|///11211/|
8|/////////|
9|/////////|
-|---------|
Set/unset mines marks or claim a cell as free: > 4 4 mine
 |123456789|
-|---------|
1|/////////|
2|/////////|
3|//111//11|
4|//1*1//1.|
5|//1222121|
6|///1.2.1/|
7|///11211/|
8|/////////|
9|/////////|
-|---------|
Set/unset mines marks or claim a cell as free: > 4 4 mine
 |123456789|
-|---------|
1|/////////|
2|/////////|
3|//111//11|
4|//1.1//1.|
5|//1222121|
6|///1.2.1/|
7|///11211/|
8|/////////|
9|/////////|
-|---------|
Set/unset mines marks or claim a cell as free: > 7 6 free
 |123456789|
-|---------|
1|/////////|
2|/////////|
3|//111//11|
4|//1.1//1X|
5|//1222121|
6|///1X2X1/|
7|///11211/|
8|/////////|
9|/////////|
-|---------|
You stepped on a mine and failed!
 |123456789|
-|---------|
1|/////////|
2|/////////|
3|//111//11|
4|//1.1//1X|
5|//1222121|
6|///1X2X1/|
7|///11211/|
8|/////////|
9|/////////|
-|---------|
?[1;31m
Start test 64?[0m
How many mines do you want? > 4
 |123456789|
-|---------|
1|...1.1...|
2|.11211...|
3|.1.1...11|
4|.111...1.|
5|.......11|
6|.........|
7|...111...|
8|...1.1...|
9|...111...|
-|---------|
Set/unset mines marks or claim a cell as free: > 1 5 free
 |123456789|
-|---------|
1|///1.1///|
2|/11211///|
3|/1.1///11|
4|/111///1.|
5|///////11|
6|/////////|
7|///111///|
8|///1.1///|
9|///111///|
-|---------|
Set/unset mines marks or claim a cell as free: > 9 4 free
 |123456789|
-|---------|
1|///1X1///|
2|/11211///|
3|/1X1///11|
4|/111///1X|
5|///////11|
6|/////////|
7|///111///|
8|///1X1///|
9|///111///|
-|---------|
You stepped on a mine and failed!
 |123456789|
-|---------|
1|///1X1///|
2|/11211///|
3|/1X1///11|
4|/111///1X|
5|///////11|
6|/////////|
7|///111///|
8|///1X1///|
9|///111///|
-|---------|
?[1;31m
Start test 65?[0m
How many mines do you want? > 4
 |123456789|
-|---------|
1|...111...|
2|...1.1111|
3|...1111.1|
4|......111|
5|.........|
6|...111...|
7|1111.1...|
8|1.1111...|
9|111......|
-|---------|
Set/unset mines marks or claim a cell as free: > 5 9 free
 |123456789|
-|---------|
1|///111...|
2|///1.1111|
3|///1111.1|
4|//////111|
5|/////////|
6|///111///|
7|1111.1///|
8|1.1111///|
9|111//////|
-|---------|
Set/unset mines marks or claim a cell as free: > 5 7 free
 |123456789|
-|---------|
1|///111...|
2|///1X1111|
3|///1111X1|
4|//////111|
5|/////////|
6|///111///|
7|1111X1///|
8|1X1111///|
9|111//////|
-|---------|
You stepped on a mine and failed!
 |123456789|
-|---------|
1|///111...|
2|///1X1111|
3|///1111X1|
4|//////111|
5|/////////|
6|///111///|
7|1111X1///|
8|1X1111///|
9|111//////|
-|---------|
?[1;31m
Start test 66?[0m
How many mines do you want? > 4
 |123456789|
-|---------|
1|...1.1...|
2|...111111|
3|......1.1|
4|......222|
5|......1.1|
6|......111|
7|.........|
8|.......11|
9|.......1.|
-|---------|
Set/unset mines marks or claim a cell as free: > 4 8 mine
 |123456789|
-|---------|
1|...1.1...|
2|...111111|
3|......1.1|
4|......222|
5|......1.1|
6|......111|
7|.........|
8|...*...11|
9|.......1.|
-|---------|
Set/unset mines marks or claim a cell as free: > 4 8 mine
 |123456789|
-|---------|
1|...1.1...|
2|...111111|
3|......1.1|
4|......222|
5|......1.1|
6|......111|
7|.........|
8|.......11|
9|.......1.|
-|---------|
Set/unset mines marks or claim a cell as free: > 5 8 mine
 |123456789|
-|---------|
1|...1.1...|
2|...111111|
3|......1.1|
4|......222|
5|......1.1|
6|......111|
7|.........|
8|....*..11|
9|.......1.|
-|---------|
Set/unset mines marks or claim a cell as free: > 1 1 free
 |123456789|
-|---------|
1|///1.1...|
2|///111111|
3|//////1.1|
4|//////222|
5|//////1.1|
6|//////111|
7|/////////|
8|///////11|
9|///////1.|
-|---------|
Set/unset mines marks or claim a cell as free: > 8 5 free
 |123456789|
-|---------|
1|///1X1...|
2|///111111|
3|//////1X1|
4|//////222|
5|//////1X1|
6|//////111|
7|/////////|
8|///////11|
9|///////1X|
-|---------|
You stepped on a mine and failed!
 |123456789|
-|---------|
1|///1X1...|
2|///111111|
3|//////1X1|
4|//////222|
5|//////1X1|
6|//////111|
7|/////////|
8|///////11|
9|///////1X|
-|---------|
?[1;31m
Start test 67?[0m
How many mines do you want? > 4
 |123456789|
-|---------|
1|1.1..1.1.|
2|111..111.|
3|...111...|
4|...1.1...|
5|...111111|
6|......1.1|
7|......111|
8|.........|
9|.........|
-|---------|
Set/unset mines marks or claim a cell as free: > 1 7 free
 |123456789|
-|---------|
1|1.1//1.1.|
2|111//111.|
3|///111...|
4|///1.1...|
5|///111111|
6|//////1.1|
7|//////111|
8|/////////|
9|/////////|
-|---------|
Set/unset mines marks or claim a cell as free: > 9 1 free
 |123456789|
-|---------|
1|1.1//1.1/|
2|111//111/|
3|///111///|
4|///1.1///|
5|///111111|
6|//////1.1|
7|//////111|
8|/////////|
9|/////////|
-|---------|
Set/unset mines marks or claim a cell as free: > 8 6 free
 |123456789|
-|---------|
1|1X1//1X1/|
2|111//111/|
3|///111///|
4|///1X1///|
5|///111111|
6|//////1X1|
7|//////111|
8|/////////|
9|/////////|
-|---------|
You stepped on a mine and failed!
 |123456789|
-|---------|
1|1X1//1X1/|
2|111//111/|
3|///111///|
4|///1X1///|
5|///111111|
6|//////1X1|
7|//////111|
8|/////////|
9|/////////|
-|---------|
?[1;31m
Start test 68?[0m
How many mines do you want? > 4
 |123456789|
-|---------|
1|1.1......|
2|111....11|
3|......12.|
4|......1.2|
5|..111.111|
6|..1.1....|
7|..111....|
8|.........|
9|.........|
-|---------|
Set/unset mines marks or claim a cell as free: > 2 1 free
 |123456789|
-|---------|
1|1X1......|
2|111....11|
3|......12X|
4|......1X2|
5|..111.111|
6|..1X1....|
7|..111....|
8|.........|
9|.........|
-|---------|
You stepped on a mine and failed!
 |123456789|
-|---------|
1|1X1......|
2|111....11|
3|......12X|
4|......1X2|
5|..111.111|
6|..1X1....|
7|..111....|
8|.........|
9|.........|
-|---------|
?[1;31m
Start test 69?[0m
How many mines do you want? > 4
 |123456789|
-|---------|
1|.......1.|
2|.......11|
3|...111.11|
4|...1.1.1.|
5|111111.11|
6|1.1......|
7|111......|
8|.........|
9|.........|
-|---------|
Set/unset mines marks or claim a cell as free: > 4 8 free
 |123456789|
-|---------|
1|///////1.|
2|///////11|
3|///111/11|
4|///1.1/1.|
5|111111/11|
6|1.1//////|
7|111//////|
8|/////////|
9|/////////|
-|---------|
Set/unset mines marks or claim a cell as free: > 2 6 free
 |123456789|
-|---------|
1|///////1X|
2|///////11|
3|///111/11|
4|///1X1/1X|
5|111111/11|
6|1X1//////|
7|111//////|
8|/////////|
9|/////////|
-|---------|
You stepped on a mine and failed!
 |123456789|
-|---------|
1|///////1X|
2|///////11|
3|///111/11|
4|///1X1/1X|
5|111111/11|
6|1X1//////|
7|111//////|
8|/////////|
9|/////////|
-|---------|
?[1;31m
Start test 70?[0m
How many mines do you want? > 4
 |123456789|
-|---------|
1|.........|
2|.........|
3|.........|
4|1221.....|
5|1..1.....|
6|1221.....|
7|11.......|
8|.2.......|
9|.2.......|
-|---------|
Set/unset mines marks or claim a cell as free: > 8 4 free
 |123456789|
-|---------|
1|/////////|
2|/////////|
3|/////////|
4|1221/////|
5|1..1/////|
6|1221/////|
7|11///////|
8|.2///////|
9|.2///////|
-|---------|
Set/unset mines marks or claim a cell as free: > 1 8 free
 |123456789|
-|---------|
1|/////////|
2|/////////|
3|/////////|
4|1221/////|
5|1XX1/////|
6|1221/////|
7|11///////|
8|X2///////|
9|X2///////|
-|---------|
You stepped on a mine and failed!
 |123456789|
-|---------|
1|/////////|
2|/////////|
3|/////////|
4|1221/////|
5|1XX1/////|
6|1221/////|
7|11///////|
8|X2///////|
9|X2///////|
-|---------|
?[1;31m
Start test 71?[0m
How many mines do you want? > 4
 |123456789|
-|---------|
1|11.......|
2|.1...1121|
3|11...1.2.|
4|.....1121|
5|.........|
6|.........|
7|.........|
8|.......11|
9|.......1.|
-|---------|
Set/unset mines marks or claim a cell as free: > 4 2 free
 |123456789|
-|---------|
1|11///////|
2|.1///1121|
3|11///1.2.|
4|/////1121|
5|/////////|
6|/////////|
7|/////////|
8|///////11|
9|///////1.|
-|---------|
Set/unset mines marks or claim a cell as free: > 7 3 free
 |123456789|
-|---------|
1|11///////|
2|X1///1121|
3|11///1X2X|
4|/////1121|
5|/////////|
6|/////////|
7|/////////|
8|///////11|
9|///////1X|
-|---------|
You stepped on a mine and failed!
 |123456789|
-|---------|
1|11///////|
2|X1///1121|
3|11///1X2X|
4|/////1121|
5|/////////|
6|/////////|
7|/////////|
8|///////11|
9|///////1X|
-|---------|
?[1;31m
Start test 72?[0m
How many mines do you want? > 4
 |123456789|
-|---------|
1|.....112.|
2|.....1.21|
3|.....111.|
4|.........|
5|.........|
6|..111..11|
7|..1.1..1.|
8|..111..11|
9|.........|
-|---------|
Set/unset mines marks or claim a cell as free: > 7 9 free
 |123456789|
-|---------|
1|/////112.|
2|/////1.21|
3|/////111/|
4|/////////|
5|/////////|
6|//111//11|
7|//1.1//1.|
8|//111//11|
9|/////////|
-|---------|
Set/unset mines marks or claim a cell as free: > 9 7 mine
 |123456789|
-|---------|
1|/////112.|
2|/////1.21|
3|/////111/|
4|/////////|
5|/////////|
6|//111//11|
7|//1.1//1*|
8|//111//11|
9|/////////|
-|---------|
Set/unset mines marks or claim a cell as free: > 7 2 free
 |123456789|
-|---------|
1|/////112X|
2|/////1X21|
3|/////111/|
4|/////////|
5|/////////|
6|//111//11|
7|//1X1//1*|
8|//111//11|
9|/////////|
-|---------|
You stepped on a mine and failed!
 |123456789|
-|---------|
1|/////112X|
2|/////1X21|
3|/////111/|
4|/////////|
5|/////////|
6|//111//11|
7|//1X1//1*|
8|//111//11|
9|/////////|
-|---------|
?[1;31m
Start test 73?[0m
How many mines do you want? > 4
 |123456789|
-|---------|
1|.........|
2|.........|
3|.........|
4|.........|
5|.111.....|
6|12.1.....|
7|.211111..|
8|11..1.21.|
9|....12.1.|
-|---------|
Set/unset mines marks or claim a cell as free: > 1 2 free
 |123456789|
-|---------|
1|/////////|
2|/////////|
3|/////////|
4|/////////|
5|/111/////|
6|12.1/////|
7|.211111//|
8|11..1.21/|
9|....12.1/|
-|---------|
Set/unset mines marks or claim a cell as free: > 3 6 mine
 |123456789|
-|---------|
1|/////////|
2|/////////|
3|/////////|
4|/////////|
5|/111/////|
6|12*1/////|
7|.211111//|
8|11..1.21/|
9|....12.1/|
-|---------|
Set/unset mines marks or claim a cell as free: > 3 9 free
 |123456789|
-|---------|
1|/////////|
2|/////////|
3|/////////|
4|/////////|
5|/111/////|
6|12*1/////|
7|.211111//|
8|11//1.21/|
9|////12.1/|
-|---------|
Set/unset mines marks or claim a cell as free: > 1 7 free
 |123456789|
-|---------|
1|/////////|
2|/////////|
3|/////////|
4|/////////|
5|/111/////|
6|12*1/////|
7|X211111//|
8|11//1X21/|
9|////12X1/|
-|---------|
You stepped on a mine and failed!
 |123456789|
-|---------|
1|/////////|
2|/////////|
3|/////////|
4|/////////|
5|/111/////|
6|12*1/////|
7|X211111//|
8|11//1X21/|
9|////12X1/|
-|---------|
?[1;31m
Start test 74?[0m
How many mines do you want? > 4
 |123456789|
-|---------|
1|.1.1.....|
2|.111.....|
3|...111...|
4|...1.1...|
5|...111...|
6|..111....|
7|..2.2....|
8|..2.2....|
9|..111....|
-|---------|
Set/unset mines marks or claim a cell as free: > 1 1 free
 |123456789|
-|---------|
1|/1.1.....|
2|/111.....|
3|///111...|
4|///1.1...|
5|///111...|
6|//111....|
7|//2.2....|
8|//2.2....|
9|//111....|
-|---------|
Set/unset mines marks or claim a cell as free: > 8 3 free
 |123456789|
-|---------|
1|/1.1/////|
2|/111/////|
3|///111///|
4|///1.1///|
5|///111///|
6|//111////|
7|//2.2////|
8|//2.2////|
9|//111////|
-|---------|
Set/unset mines marks or claim a cell as free: > 5 4 mine
 |123456789|
-|---------|
1|/1.1/////|
2|/111/////|
3|///111///|
4|///1*1///|
5|///111///|
6|//111////|
7|//2.2////|
8|//2.2////|
9|//111////|
-|---------|
Set/unset mines marks or claim a cell as free: > 3 1 free
 |123456789|
-|---------|
1|/1X1/////|
2|/111/////|
3|///111///|
4|///1*1///|
5|///111///|
6|//111////|
7|//2X2////|
8|//2X2////|
9|//111////|
-|---------|
You stepped on a mine and failed!
 |123456789|
-|---------|
1|/1X1/////|
2|/111/////|
3|///111///|
4|///1*1///|
5|///111///|
6|//111////|
7|//2X2////|
8|//2X2////|
9|//111////|
-|---------|
?[1;31m
Start test 75?[0m
How many mines do you want? > 4
 |123456789|
-|---------|
1|.........|
2|...111...|
3|...1.1...|
4|11.111...|
5|.1...111.|
6|11...1.21|
7|.....112.|
8|.......11|
9|.........|
-|---------|
Set/unset mines marks or claim a cell as free: > 1 2 mine
 |123456789|
-|---------|
1|.........|
2|*..111...|
3|...1.1...|
4|11.111...|
5|.1...111.|
6|11...1.21|
7|.....112.|
8|.......11|
9|.........|
-|---------|
Set/unset mines marks or claim a cell as free: > 1 2 mine
 |123456789|
-|---------|
1|.........|
2|...111...|
3|...1.1...|
4|11.111...|
5|.1...111.|
6|11...1.21|
7|.....112.|
8|.......11|
9|.........|
-|---------|
Set/unset mines marks or claim a cell as free: > 3 3 mine
 |123456789|
-|---------|
1|.........|
2|...111...|
3|..*1.1...|
4|11.111...|
5|.1...111.|
6|11...1.21|
7|.....112.|
8|.......11|
9|.........|
-|---------|
Set/unset mines marks or claim a cell as free: > 3 3 mine
 |123456789|
-|---------|
1|.........|
2|...111...|
3|...1.1...|
4|11.111...|
5|.1...111.|
6|11...1.21|
7|.....112.|
8|.......11|
9|.........|
-|---------|
Set/unset mines marks or claim a cell as free: > 4 1 free
 |123456789|
-|---------|
1|/////////|
2|///111///|
3|///1.1///|
4|11/111///|
5|.1///111/|
6|11///1.21|
7|/////112.|
8|///////11|
9|/////////|
-|---------|
Set/unset mines marks or claim a cell as free: > 9 7 free
 |123456789|
-|---------|
1|/////////|
2|///111///|
3|///1X1///|
4|11/111///|
5|X1///111/|
6|11///1X21|
7|/////112X|
8|///////11|
9|/////////|
-|---------|
You stepped on a mine and failed!
 |123456789|
-|---------|
1|/////////|
2|///111///|
3|///1X1///|
4|11/111///|
5|X1///111/|
6|11///1X21|
7|/////112X|
8|///////11|
9|/////////|
-|---------|
?[1;31m
Start test 76?[0m
How many mines do you want? > 4
 |123456789|
-|---------|
1|.........|
2|.........|
3|.........|
4|.........|
5|.111.....|
6|12.1.111.|
7|1.21.1.1.|
8|1221.111.|
9|.1.1.....|
-|---------|
Set/unset mines marks or claim a cell as free: > 6 9 free
 |123456789|
-|---------|
1|/////////|
2|/////////|
3|/////////|
4|/////////|
5|/111/////|
6|12.1/111/|
7|1.21/1.1/|
8|1221/111/|
9|.1.1/////|
-|---------|
Set/unset mines marks or claim a cell as free: > 3 6 mine
 |123456789|
-|---------|
1|/////////|
2|/////////|
3|/////////|
4|/////////|
5|/111/////|
6|12*1/111/|
7|1.21/1.1/|
8|1221/111/|
9|.1.1/////|
-|---------|
Set/unset mines marks or claim a cell as free: > 7 7 free
 |123456789|
-|---------|
1|/////////|
2|/////////|
3|/////////|
4|/////////|
5|/111/////|
6|12*1/111/|
7|1X21/1X1/|
8|1221/111/|
9|.1X1/////|
-|---------|
You stepped on a mine and failed!
 |123456789|
-|---------|
1|/////////|
2|/////////|
3|/////////|
4|/////////|
5|/111/////|
6|12*1/111/|
7|1X21/1X1/|
8|1221/111/|
9|.1X1/////|
-|---------|
?[1;31m
Start test 77?[0m
How many mines do you want? > 4
 |123456789|
-|---------|
1|...1.1...|
2|...111...|
3|.111.....|
4|.1.1.....|
5|.111..111|
6|......1.1|
7|.111..111|
8|.1.1.....|
9|.111.....|
-|---------|
Set/unset mines marks or claim a cell as free: > 8 8 mine
 |123456789|
-|---------|
1|...1.1...|
2|...111...|
3|.111.....|
4|.1.1.....|
5|.111..111|
6|......1.1|
7|.111..111|
8|.1.1...*.|
9|.111.....|
-|---------|
Set/unset mines marks or claim a cell as free: > 8 8 mine
 |123456789|
-|---------|
1|...1.1...|
2|...111...|
3|.111.....|
4|.1.1.....|
5|.111..111|
6|......1.1|
7|.111..111|
8|.1.1.....|
9|.111.....|
-|---------|
Set/unset mines marks or claim a cell as free: > 8 8 free
 |123456789|
-|---------|
1|///1.1///|
2|///111///|
3|/111/////|
4|/1.1/////|
5|/111//111|
6|//////1.1|
7|/111//111|
8|/1.1/////|
9|/111/////|
-|---------|
Set/unset mines marks or claim a cell as free: > 3 8 mine
 |123456789|
-|---------|
1|///1.1///|
2|///111///|
3|/111/////|
4|/1.1/////|
5|/111//111|
6|//////1.1|
7|/111//111|
8|/1*1/////|
9|/111/////|
-|---------|
Set/unset mines marks or claim a cell as free: > 3 4 free
 |123456789|
-|---------|
1|///1X1///|
2|///111///|
3|/111/////|
4|/1X1/////|
5|/111//111|
6|//////1X1|
7|/111//111|
8|/1*1/////|
9|/111/////|
-|---------|
You stepped on a mine and failed!
 |123456789|
-|---------|
1|///1X1///|
2|///111///|
3|/111/////|
4|/1X1/////|
5|/111//111|
6|//////1X1|
7|/111//111|
8|/1*1/////|
9|/111/////|
-|---------|
?[1;31m
Start test 78?[0m
How many mines do you want? > 4
 |123456789|
-|---------|
1|.........|
2|......111|
3|......1.1|
4|......111|
5|111......|
6|1.1......|
7|111......|
8|.111.111.|
9|.1.1.1.1.|
-|---------|
Set/unset mines marks or claim a cell as free: > 4 7 mine
 |123456789|
-|---------|
1|.........|
2|......111|
3|......1.1|
4|......111|
[...]
3|/112X2X1/|
4|/2.42211/|
5|/2XX21111|
6|/1222X11*|
7|////11111|
8|/////////|
9|/////////|
-|---------|
You stepped on a mine and failed!
 |123456789|
-|---------|
1|1X2XX1///|
2|11233311/|
3|/112X2X1/|
4|/2.42211/|
5|/2XX21111|
6|/1222X11*|
7|////11111|
8|/////////|
9|/////////|
-|---------|
?[1;31m
Start test 93?[0m
How many mines do you want? > 15
 |123456789|
-|---------|
1|11.111...|
2|.323.2...|
3|3..3.311.|
4|2.4322.1.|
5|222.2332.|
6|.2212..1.|
7|2.1.13431|
8|111..1..2|
9|.....123.|
-|---------|
Set/unset mines marks or claim a cell as free: > 1 2 free
 |123456789|
-|---------|
1|11.111...|
2|X323X2...|
3|3XX3X311.|
4|2X4322X1.|
5|222X2332.|
6|X2212XX1.|
7|2X1.13431|
8|111..1XX2|
9|.....123X|
-|---------|
You stepped on a mine and failed!
 |123456789|
-|---------|
1|11.111...|
2|X323X2...|
3|3XX3X311.|
4|2X4322X1.|
5|222X2332.|
6|X2212XX1.|
7|2X1.13431|
8|111..1XX2|
9|.....123X|
-|---------|
?[1;31m
Start test 94?[0m
How many mines do you want? > 15
 |123456789|
-|---------|
1|..21...1.|
2|34.21..11|
3|1.4.21...|
4|13.5.2...|
5|.2.4.3211|
6|.1122.3.3|
7|111.113..|
8|1.1...122|
9|111......|
-|---------|
Set/unset mines marks or claim a cell as free: > 5 8 mine
 |123456789|
-|---------|
1|..21...1.|
2|34.21..11|
3|1.4.21...|
4|13.5.2...|
5|.2.4.3211|
6|.1122.3.3|
7|111.113..|
8|1.1.*.122|
9|111......|
-|---------|
Set/unset mines marks or claim a cell as free: > 5 8 mine
 |123456789|
-|---------|
1|..21...1.|
2|34.21..11|
3|1.4.21...|
4|13.5.2...|
5|.2.4.3211|
6|.1122.3.3|
7|111.113..|
8|1.1...122|
9|111......|
-|---------|
Set/unset mines marks or claim a cell as free: > 4 8 mine
 |123456789|
-|---------|
1|..21...1.|
2|34.21..11|
3|1.4.21...|
4|13.5.2...|
5|.2.4.3211|
6|.1122.3.3|
7|111.113..|
8|1.1*..122|
9|111......|
-|---------|
Set/unset mines marks or claim a cell as free: > 9 9 free
 |123456789|
-|---------|
1|..21...1.|
2|34.21..11|
3|1.4.21...|
4|13.5.2...|
5|.2.4.3211|
6|.1122.3.3|
7|111/113..|
8|1.1///122|
9|111//////|
-|---------|
Set/unset mines marks or claim a cell as free: > 7 2 mine
 |123456789|
-|---------|
1|..21...1.|
2|34.21.*11|
3|1.4.21...|
4|13.5.2...|
5|.2.4.3211|
6|.1122.3.3|
7|111/113..|
8|1.1///122|
9|111//////|
-|---------|
Set/unset mines marks or claim a cell as free: > 9 1 free
 |123456789|
-|---------|
1|XX21...1X|
2|34X21.*11|
3|1X4X21...|
4|13X5X2...|
5|.2X4X3211|
6|.1122X3X3|
7|111/113XX|
8|1X1///122|
9|111//////|
-|---------|
You stepped on a mine and failed!
 |123456789|
-|---------|
1|XX21...1X|
2|34X21.*11|
3|1X4X21...|
4|13X5X2...|
5|.2X4X3211|
6|.1122X3X3|
7|111/113XX|
8|1X1///122|
9|111//////|
-|---------|
?[1;31m
Start test 95?[0m
How many mines do you want? > 20
 |123456789|
-|---------|
1|.21112.21|
2|3.32.223.|
3|3..3221.2|
4|3.43.2221|
5|.43.34.31|
6|..323...1|
7|222.22321|
8|.1221....|
9|.1.1.....|
-|---------|
Set/unset mines marks or claim a cell as free: > 2 6 mine
 |123456789|
-|---------|
1|.21112.21|
2|3.32.223.|
3|3..3221.2|
4|3.43.2221|
5|.43.34.31|
6|.*323...1|
7|222.22321|
8|.1221....|
9|.1.1.....|
-|---------|
Set/unset mines marks or claim a cell as free: > 2 6 mine
 |123456789|
-|---------|
1|.21112.21|
2|3.32.223.|
3|3..3221.2|
4|3.43.2221|
5|.43.34.31|
6|..323...1|
7|222.22321|
8|.1221....|
9|.1.1.....|
-|---------|
Set/unset mines marks or claim a cell as free: > 8 3 mine
 |123456789|
-|---------|
1|.21112.21|
2|3.32.223.|
3|3..3221*2|
4|3.43.2221|
5|.43.34.31|
6|..323...1|
7|222.22321|
8|.1221....|
9|.1.1.....|
-|---------|
Set/unset mines marks or claim a cell as free: > 8 6 mine
 |123456789|
-|---------|
1|.21112.21|
2|3.32.223.|
3|3..3221*2|
4|3.43.2221|
5|.43.34.31|
6|..323..*1|
7|222.22321|
8|.1221....|
9|.1.1.....|
-|---------|
Set/unset mines marks or claim a cell as free: > 2 4 free
 |123456789|
-|---------|
1|X21112X21|
2|3X32X223X|
3|3XX3221*2|
4|3X43X2221|
5|X43X34X31|
6|X.323XX*1|
7|222X22321|
8|.1221....|
9|.1X1.....|
-|---------|
You stepped on a mine and failed!
 |123456789|
-|---------|
1|X21112X21|
2|3X32X223X|
3|3XX3221*2|
4|3X43X2221|
5|X43X34X31|
6|X.323XX*1|
7|222X22321|
8|.1221....|
9|.1X1.....|
-|---------|
?[1;31m
Start test 96?[0m
How many mines do you want? > 20
 |123456789|
-|---------|
1|...2.....|
2|35.31....|
3|1.3.32211|
4|1122..3.3|
5|1111345..|
6|3.2.2..43|
7|..2.3.42.|
8|221.2.321|
9|....12.1.|
-|---------|
Set/unset mines marks or claim a cell as free: > 6 6 free
 |123456789|
-|---------|
1|XXX2.....|
2|35X31....|
3|1X3X32211|
4|1122XX3X3|
5|1111345XX|
6|3X2.2XX43|
7|XX2.3X42X|
8|221.2X321|
9|....12X1.|
-|---------|
You stepped on a mine and failed!
 |123456789|
-|---------|
1|XXX2.....|
2|35X31....|
3|1X3X32211|
4|1122XX3X3|
5|1111345XX|
6|3X2.2XX43|
7|XX2.3X42X|
8|221.2X321|
9|....12X1.|
-|---------|
?[1;31m
Start test 97?[0m
How many mines do you want? > 25
 |123456789|
-|---------|
1|.4....22.|
2|..5.54.21|
3|3.33.3221|
4|1224.43.2|
5|.1.4..3.3|
6|.12.4332.|
7|11212.111|
8|2.2.22211|
9|2.2.1.11.|
-|---------|
Set/unset mines marks or claim a cell as free: > 7 2 mine
 |123456789|
-|---------|
1|.4....22.|
2|..5.54*21|
3|3.33.3221|
4|1224.43.2|
5|.1.4..3.3|
6|.12.4332.|
7|11212.111|
8|2.2.22211|
9|2.2.1.11.|
-|---------|
Set/unset mines marks or claim a cell as free: > 8 4 free
 |123456789|
-|---------|
1|X4XXXX22X|
2|XX5X54*21|
3|3X33X3221|
4|1224X43X2|
5|.1X4XX3X3|
6|.12X4332X|
7|11212X111|
8|2X2.22211|
9|2X2.1X11X|
-|---------|
You stepped on a mine and failed!
 |123456789|
-|---------|
1|X4XXXX22X|
2|XX5X54*21|
3|3X33X3221|
4|1224X43X2|
5|.1X4XX3X3|
6|.12X4332X|
7|11212X111|
8|2X2.22211|
9|2X2.1X11X|
-|---------|
?[1;31m
Start test 98?[0m
How many mines do you want? > 25
 |123456789|
-|---------|
1|13....1..|
2|.4..4321.|
3|.64422.1.|
4|...3.3321|
5|.6.32.2.1|
6|2.2122322|
7|221.1.11.|
8|.32122221|
9|..2.11.1.|
-|---------|
Set/unset mines marks or claim a cell as free: > 5 1 mine
 |123456789|
-|---------|
1|13..*.1..|
2|.4..4321.|
3|.64422.1.|
4|...3.3321|
5|.6.32.2.1|
6|2.2122322|
7|221.1.11.|
8|.32122221|
9|..2.11.1.|
-|---------|
Set/unset mines marks or claim a cell as free: > 5 1 mine
 |123456789|
-|---------|
1|13....1..|
2|.4..4321.|
3|.64422.1.|
4|...3.3321|
5|.6.32.2.1|
6|2.2122322|
7|221.1.11.|
8|.32122221|
9|..2.11.1.|
-|---------|
Set/unset mines marks or claim a cell as free: > 4 9 free
 |123456789|
-|---------|
1|13XX.X1..|
2|X4XX4321.|
3|X64422X1.|
4|XXX3X3321|
5|X6X32X2X1|
6|2X2122322|
7|221.1X11X|
8|X32122221|
9|XX2X11X1.|
-|---------|
You stepped on a mine and failed!
 |123456789|
-|---------|
1|13XX.X1..|
2|X4XX4321.|
3|X64422X1.|
4|XXX3X3321|
5|X6X32X2X1|
6|2X2122322|
7|221.1X11X|
8|X32122221|
9|XX2X11X1.|
-|---------|
?[1;31m
Start test 99?[0m
How many mines do you want? > 30
 |123456789|
-|---------|
1|.2.1.2...|
2|232214...|
3|1.12.4...|
4|2212.34.4|
5|.434434.3|
6|......4.2|
7|344444.21|
8|1.22.2232|
9|12.2111..|
-|---------|
Set/unset mines marks or claim a cell as free: > 2 3 mine
 |123456789|
-|---------|
1|.2.1.2...|
2|232214...|
3|1*12.4...|
4|2212.34.4|
5|.434434.3|
6|......4.2|
7|344444.21|
8|1.22.2232|
9|12.2111..|
-|---------|
Set/unset mines marks or claim a cell as free: > 9 2 free
 |123456789|
-|---------|
1|X2X1.2XXX|
2|232214XXX|
3|1*12X4XXX|
4|2212X34X4|
5|X434434X3|
6|XXXXXX4X2|
7|344444X21|
8|1X22X2232|
9|12X2111XX|
-|---------|
You stepped on a mine and failed!
 |123456789|
-|---------|
1|X2X1.2XXX|
2|232214XXX|
3|1*12X4XXX|
4|2212X34X4|
5|X434434X3|
6|XXXXXX4X2|
7|344444X21|
8|1X22X2232|
9|12X2111XX|
-|---------|
?[1;31m
Start test 100?[0m
How many mines do you want? > 30
 |123456789|
-|---------|
1|.4..2..1.|
2|.5.423331|
3|14.3.1.3.|
4|14.3.113.|
5|.6.421222|
6|....3.4.2|
7|35.4.5..2|
8|1.333..52|
9|112.23.3.|
-|---------|
Set/unset mines marks or claim a cell as free: > 3 6 mine
 |123456789|
-|---------|
1|.4..2..1.|
2|.5.423331|
3|14.3.1.3.|
4|14.3.113.|
5|.6.421222|
6|..*.3.4.2|
7|35.4.5..2|
8|1.333..52|
9|112.23.3.|
-|---------|
Set/unset mines marks or claim a cell as free: > 3 6 mine
 |123456789|
-|---------|
1|.4..2..1.|
2|.5.423331|
3|14.3.1.3.|
4|14.3.113.|
5|.6.421222|
6|....3.4.2|
7|35.4.5..2|
8|1.333..52|
9|112.23.3.|
-|---------|
Set/unset mines marks or claim a cell as free: > 9 3 free
 |123456789|
-|---------|
1|X4XX2XX1.|
2|X5X423331|
3|14X3.1X3X|
4|14X3.113X|
5|X6X421222|
6|XX.X3X4X2|
7|35X4X5XX2|
8|1X333XX52|
9|112X23X3X|
-|---------|
You stepped on a mine and failed!
 |123456789|
-|---------|
1|X4XX2XX1.|
2|X5X423331|
3|14X3.1X3X|
4|14X3.113X|
5|X6X421222|
6|XX.X3X4X2|
7|35X4X5XX2|
8|1X333XX52|
9|112X23X3X|
-|---------|
?[1;31m
Start test 101?[0m
How many mines do you want? > 35
 |123456789|
-|---------|
1|223.2112.|
2|..6.43.31|
3|4....4.52|
4|.45545...|
5|35..3..6.|
6|...4.56.3|
7|4.432...2|
8|.3.224553|
9|1212.2...|
-|---------|
Set/unset mines marks or claim a cell as free: > 1 6 free
 |123456789|
-|---------|
1|223X2112X|
2|XX6X43X31|
3|4XXXX4X52|
4|X45545XXX|
5|35XX3XX6X|
6|XXX4X56X3|
7|4X432XXX2|
8|X3X224553|
9|1212X2XXX|
-|---------|
You stepped on a mine and failed!
 |123456789|
-|---------|
1|223X2112X|
2|XX6X43X31|
3|4XXXX4X52|
4|X45545XXX|
5|35XX3XX6X|
6|XXX4X56X3|
7|4X432XXX2|
8|X3X224553|
9|1212X2XXX|
-|---------|
?[1;31m
Start test 102?[0m
How many mines do you want? > 35
 |123456789|
-|---------|
1|..421....|
2|5...2....|
3|..6.41211|
4|224.6.3.2|
5|..3...53.|
6|124....53|
7|.4..65...|
8|.7...4343|
9|...5..11.|
-|---------|
Set/unset mines marks or claim a cell as free: > 9 1 free
 |123456789|
-|---------|
1|..421////|
2|5...2////|
3|..6.41211|
4|224.6.3.2|
5|..3...53.|
6|124....53|
7|.4..65...|
8|.7...4343|
9|...5..11.|
-|---------|
Set/unset mines marks or claim a cell as free: > 4 6 free
 |123456789|
-|---------|
1|XX421////|
2|5XXX2////|
3|XX6X41211|
4|224X6X3X2|
5|..3XXX53X|
6|124XXXX53|
7|X4XX65XXX|
8|X7XXX4343|
9|XXX5XX11X|
-|---------|
You stepped on a mine and failed!
 |123456789|
-|---------|
1|XX421////|
2|5XXX2////|
3|XX6X41211|
4|224X6X3X2|
5|..3XXX53X|
6|124XXXX53|
7|X4XX65XXX|
8|X7XXX4343|
9|XXX5XX11X|
-|---------|
?[1;31m
Start test 103?[0m
How many mines do you want? > 40
 |123456789|
-|---------|
1|.....3.21|
2|.55.6.44.|
3|.44.6.4..|
4|.4...5.54|
5|3.45..5..|
6|.4.44..54|
7|24..324..|
8|.34.312..|
9|12.3.113.|
-|---------|
Set/unset mines marks or claim a cell as free: > 6 3 free
 |123456789|
-|---------|
1|XXXXX3X21|
2|X55X6X44X|
3|X44X6X4XX|
4|X4XXX5X54|
5|3X45XX5XX|
6|X4X44XX54|
7|24XX324XX|
8|X34X312XX|
9|12X3X113X|
-|---------|
You stepped on a mine and failed!
 |123456789|
-|---------|
1|XXXXX3X21|
2|X55X6X44X|
3|X44X6X4XX|
4|X4XXX5X54|
5|3X45XX5XX|
6|X4X44XX54|
7|24XX324XX|
8|X34X312XX|
9|12X3X113X|
-|---------|
?[1;31m
Start test 104?[0m
How many mines do you want? > 40
 |123456789|
-|---------|
1|11223.34.|
2|3.3..3...|
3|..65544.3|
4|......421|
5|.6..7..1.|
6|.54.6.52.|
7|.4.5...21|
8|25..7.43.|
9|.3....22.|
-|---------|
Set/unset mines marks or claim a cell as free: > 9 6 free
 |123456789|
-|---------|
1|11223.34.|
2|3.3..3...|
3|..65544.3|
4|......421|
5|.6..7..1/|
6|.54.6.52/|
7|.4.5...21|
8|25..7.43.|
9|.3....22.|
-|---------|
Set/unset mines marks or claim a cell as free: > 6 6 mine
 |123456789|
-|---------|
1|11223.34.|
2|3.3..3...|
3|..65544.3|
4|......421|
5|.6..7..1/|
6|.54.6*52/|
7|.4.5...21|
8|25..7.43.|
9|.3....22.|
-|---------|
Set/unset mines marks or claim a cell as free: > 6 6 mine
 |123456789|
-|---------|
1|11223.34.|
2|3.3..3...|
3|..65544.3|
4|......421|
5|.6..7..1/|
6|.54.6.52/|
7|.4.5...21|
8|25..7.43.|
9|.3....22.|
-|---------|
Set/unset mines marks or claim a cell as free: > 1 9 free
 |123456789|
-|---------|
1|11223X34X|
2|3X3XX3XXX|
3|XX65544X3|
4|XXXXXX421|
5|X6XX7XX1/|
6|X54X6.52/|
7|X4X5XXX21|
8|25XX7X43X|
9|X3XXXX22X|
-|---------|
You stepped on a mine and failed!
 |123456789|
-|---------|
1|11223X34X|
2|3X3XX3XXX|
3|XX65544X3|
4|XXXXXX421|
5|X6XX7XX1/|
6|X54X6.52/|
7|X4X5XXX21|
8|25XX7X43X|
9|X3XXXX22X|
-|---------|
?[1;31m
Start test 105?[0m
How many mines do you want? > 45
 |123456789|
-|---------|
1|3...23.42|
2|...55....|
3|.65...764|
4|..5.7....|
5|..7.5..8.|
6|4...54...|
7|.4..4.4..|
8|124.4135.|
9|..2.2.1..|
-|---------|
Set/unset mines marks or claim a cell as free: > 8 7 mine
 |123456789|
-|---------|
1|3...23.42|
2|...55....|
3|.65...764|
4|..5.7....|
5|..7.5..8.|
6|4...54...|
7|.4..4.4*.|
8|124.4135.|
9|..2.2.1..|
-|---------|
Set/unset mines marks or claim a cell as free: > 8 7 mine
 |123456789|
-|---------|
1|3...23.42|
2|...55....|
3|.65...764|
4|..5.7....|
5|..7.5..8.|
6|4...54...|
7|.4..4.4..|
8|124.4135.|
9|..2.2.1..|
-|---------|
Set/unset mines marks or claim a cell as free: > 4 8 free
 |123456789|
-|---------|
1|3XXX23X42|
2|XXX55XXXX|
3|X65XXX764|
4|XX5X7XXXX|
5|XX7X5XX8X|
6|4XXX54XXX|
7|X4XX4X4.X|
8|124X4135X|
9|..2X2.1XX|
-|---------|
You stepped on a mine and failed!
 |123456789|
-|---------|
1|3XXX23X42|
2|XXX55XXXX|
3|X65XXX764|
4|XX5X7XXXX|
5|XX7X5XX8X|
6|4XXX54XXX|
7|X4XX4X4.X|
8|124X4135X|
9|..2X2.1XX|
-|---------|
?[1;31m
Start test 106?[0m
How many mines do you want? > 45
 |123456789|
-|---------|
1|..5.21...|
2|4...535..|
3|3.....4.4|
4|.5..534.4|
5|.335.22..|
6|333..4454|
7|..5.7....|
8|4.4....8.|
9|.223.5...|
-|---------|
Set/unset mines marks or claim a cell as free: > 8 3 mine
 |123456789|
-|---------|
1|..5.21...|
2|4...535..|
3|3.....4*4|
4|.5..534.4|
5|.335.22..|
6|333..4454|
7|..5.7....|
8|4.4....8.|
9|.223.5...|
-|---------|
Set/unset mines marks or claim a cell as free: > 2 1 free
 |123456789|
-|---------|
1|XX5X21XXX|
2|4XXX535XX|
3|3XXXXX4*4|
4|X5XX534X4|
5|X335X22XX|
6|333XX4454|
7|XX5X7XXXX|
8|4X4XXXX8X|
9|X223X5XXX|
-|---------|
You stepped on a mine and failed!
 |123456789|
-|---------|
1|XX5X21XXX|
2|4XXX535XX|
3|3XXXXX4*4|
4|X5XX534X4|
5|X335X22XX|
6|333XX4454|
7|XX5X7XXXX|
8|4X4XXXX8X|
9|X223X5XXX|
-|---------|
?[1;31m
Start test 107?[0m
How many mines do you want? > 50
 |123456789|
-|---------|
1|.4...33.3|
2|..7..6...|
3|.......53|
4|3.7.8.65.|
5|24.......|
6|.4.7555.4|
7|25...4.5.|
8|.5.6..5..|
9|..23...4.|
-|---------|
Set/unset mines marks or claim a cell as free: > 1 3 free
 |123456789|
-|---------|
1|X4XXX33X3|
2|XX7XX6XXX|
3|XXXXXXX53|
4|3X7X8X65X|
5|24XXXXXXX|
6|X4X7555X4|
7|25XXX4X5X|
8|X5X6XX5XX|
9|XX23XXX4X|
-|---------|
You stepped on a mine and failed!
 |123456789|
-|---------|
1|X4XXX33X3|
2|XX7XX6XXX|
3|XXXXXXX53|
4|3X7X8X65X|
5|24XXXXXXX|
6|X4X7555X4|
7|25XXX4X5X|
8|X5X6XX5XX|
9|XX23XXX4X|
-|---------|
?[1;31m
Start test 108?[0m
How many mines do you want? > 50
 |123456789|
-|---------|
1|2..333.3.|
2|.65...6.4|
3|...5.....|
4|..7.5.56.|
5|....53.5.|
6|4....44..|
7|2.6...5..|
8|235.8.6.4|
9|.2.....3.|
-|---------|
Set/unset mines marks or claim a cell as free: > 7 3 mine
 |123456789|
-|---------|
1|2..333.3.|
2|.65...6.4|
3|...5..*..|
4|..7.5.56.|
5|....53.5.|
6|4....44..|
7|2.6...5..|
8|235.8.6.4|
9|.2.....3.|
-|---------|
Set/unset mines marks or claim a cell as free: > 7 1 free
 |123456789|
-|---------|
1|2XX333X3X|
2|X65XXX6X4|
3|XXX5XX*XX|
4|XX7X5X56X|
5|XXXX53X5X|
6|4XXXX44XX|
7|2X6XXX5XX|
8|235X8X6X4|
9|X2XXXXX3X|
-|---------|
You stepped on a mine and failed!
 |123456789|
-|---------|
1|2XX333X3X|
2|X65XXX6X4|
3|XXX5XX*XX|
4|XX7X5X56X|
5|XXXX53X5X|
6|4XXXX44XX|
7|2X6XXX5XX|
8|235X8X6X4|
9|X2XXXXX3X|
-|---------|
?[1;31m
Start test 109?[0m
How many mines do you want? > 55
 |123456789|
-|---------|
1|..33...4.|
2|46..6...4|
3|....6....|
4|.66..67.5|
5|.5.......|
6|4..6.6...|
7|...44.7..|
8|.76.4....|
9|....33.5.|
-|---------|
Set/unset mines marks or claim a cell as free: > 7 8 free
 |123456789|
-|---------|
1|XX33XXX4X|
2|46XX6XXX4|
3|XXXX6XXXX|
4|X66XX67X5|
5|X5XXXXXXX|
6|4XX6X6XXX|
7|XXX44X7XX|
8|X76X4XXXX|
9|XXXX33X5X|
-|---------|
You stepped on a mine and failed!
 |123456789|
-|---------|
1|XX33XXX4X|
2|46XX6XXX4|
3|XXXX6XXXX|
4|X66XX67X5|
5|X5XXXXXXX|
6|4XX6X6XXX|
7|XXX44X7XX|
8|X76X4XXXX|
9|XXXX33X5X|
-|---------|
?[1;31m
Start test 110?[0m
How many mines do you want? > 55
 |123456789|
-|---------|
1|3...23...|
2|...65..63|
3|5.......2|
4|....7..6.|
5|.6..6...4|
6|25.6.....|
7|2...5.7.5|
8|.67.65...|
9|........3|
-|---------|
Set/unset mines marks or claim a cell as free: > 6 4 free
 |123456789|
-|---------|
1|3XXX23XXX|
2|XXX65XX63|
3|5XXXXXXX2|
4|XXXX7XX6X|
5|X6XX6XXX4|
6|25X6XXXXX|
7|2XXX5X7X5|
8|X67X65XXX|
9|XXXXXXXX3|
-|---------|
You stepped on a mine and failed!
 |123456789|
-|---------|
1|3XXX23XXX|
2|XXX65XX63|
3|5XXXXXXX2|
4|XXXX7XX6X|
5|X6XX6XXX4|
6|25X6XXXXX|
7|2XXX5X7X5|
8|X67X65XXX|
9|XXXXXXXX3|
-|---------|
?[1;31m
Start test 111?[0m
How many mines do you want? > 60
 |123456789|
-|---------|
1|.44.5....|
2|........5|
3|3..77....|
4|25....6..|
5|.6.8..65.|
6|........3|
7|.......6.|
8|47..7.7..|
9|...4.....|
-|---------|
Set/unset mines marks or claim a cell as free: > 2 7 mine
 |123456789|
-|---------|
1|.44.5....|
2|........5|
3|3..77....|
4|25....6..|
5|.6.8..65.|
6|........3|
7|.*.....6.|
8|47..7.7..|
9|...4.....|
-|---------|
Set/unset mines marks or claim a cell as free: > 1 1 free
 |123456789|
-|---------|
1|X44X5XXXX|
2|XXXXXXXX5|
3|3XX77XXXX|
4|25XXXX6XX|
5|X6X8XX65X|
6|XXXXXXXX3|
7|X*XXXXX6X|
8|47XX7X7XX|
9|XXX4XXXXX|
-|---------|
You stepped on a mine and failed!
 |123456789|
-|---------|
1|X44X5XXXX|
2|XXXXXXXX5|
3|3XX77XXXX|
4|25XXXX6XX|
5|X6X8XX65X|
6|XXXXXXXX3|
7|X*XXXXX6X|
8|47XX7X7XX|
9|XXX4XXXXX|
-|---------|
?[1;31m
Start test 112?[0m
How many mines do you want? > 60
 |123456789|
-|---------|
1|.4.....32|
2|.7..8.7..|
3|.........|
4|..7.8.6..|
5|.6....55.|
6|3..7..5..|
7|4..6..7..|
8|...7.....|
9|.5...5...|
-|---------|
Set/unset mines marks or claim a cell as free: > 6 2 mine
 |123456789|
-|---------|
1|.4.....32|
2|.7..8*7..|
3|.........|
4|..7.8.6..|
5|.6....55.|
6|3..7..5..|
7|4..6..7..|
8|...7.....|
9|.5...5...|
-|---------|
Set/unset mines marks or claim a cell as free: > 3 5 free
 |123456789|
-|---------|
1|X4XXXXX32|
2|X7XX8*7XX|
3|XXXXXXXXX|
4|XX7X8X6XX|
5|X6XXXX55X|
6|3XX7XX5XX|
7|4XX6XX7XX|
8|XXX7XXXXX|
9|X5XXX5XXX|
-|---------|
You stepped on a mine and failed!
 |123456789|
-|---------|
1|X4XXXXX32|
2|X7XX8*7XX|
3|XXXXXXXXX|
4|XX7X8X6XX|
5|X6XXXX55X|
6|3XX7XX5XX|
7|4XX6XX7XX|
8|XXX7XXXXX|
9|X5XXX5XXX|
-|---------|
?[1;31m
Start test 113?[0m
How many mines do you want? > 65
 |123456789|
-|---------|
1|..5..5..2|
2|4......6.|
3|3.8.8..7.|
4|4........|
5|.........|
6|.........|
7|...8....5|
8|36.......|
9|1...5....|
-|---------|
Set/unset mines marks or claim a cell as free: > 2 7 mine
 |123456789|
-|---------|
1|..5..5..2|
2|4......6.|
3|3.8.8..7.|
4|4........|
5|.........|
6|.........|
7|.*.8....5|
8|36.......|
9|1...5....|
-|---------|
Set/unset mines marks or claim a cell as free: > 2 7 mine
 |123456789|
-|---------|
1|..5..5..2|
2|4......6.|
3|3.8.8..7.|
4|4........|
5|.........|
6|.........|
7|...8....5|
8|36.......|
9|1...5....|
-|---------|
Set/unset mines marks or claim a cell as free: > 7 5 mine
 |123456789|
-|---------|
1|..5..5..2|
2|4......6.|
3|3.8.8..7.|
4|4........|
5|......*..|
6|.........|
7|...8....5|
8|36.......|
9|1...5....|
-|---------|
Set/unset mines marks or claim a cell as free: > 7 8 free
 |123456789|
-|---------|
1|XX5XX5XX2|
2|4XXXXXX6X|
3|3X8X8XX7X|
4|4XXXXXXXX|
5|XXXXXX*XX|
6|XXXXXXXXX|
7|X.X8XXXX5|
8|36XXXXXXX|
9|1XXX5XXXX|
-|---------|
You stepped on a mine and failed!
 |123456789|
-|---------|
1|XX5XX5XX2|
2|4XXXXXX6X|
3|3X8X8XX7X|
4|4XXXXXXXX|
5|XXXXXX*XX|
6|XXXXXXXXX|
7|X.X8XXXX5|
8|36XXXXXXX|
9|1XXX5XXXX|
-|---------|
?[1;31m
Start test 114?[0m
How many mines do you want? > 65
 |123456789|
-|---------|
1|......5..|
2|.........|
3|....7....|
4|..7..7...|
5|46.......|
6|.........|
7|47...6.74|
8|....44...|
9|3...22...|
-|---------|
Set/unset mines marks or claim a cell as free: > 8 9 free
 |123456789|
-|---------|
1|XXXXXX5XX|
2|XXXXXXXXX|
3|XXXX7XXXX|
4|XX7XX7XXX|
5|46XXXXXXX|
6|XXXXXXXXX|
7|47XXX6X74|
8|XXXX44XXX|
9|3XXX22XXX|
-|---------|
You stepped on a mine and failed!
 |123456789|
-|---------|
1|XXXXXX5XX|
2|XXXXXXXXX|
3|XXXX7XXXX|
4|XX7XX7XXX|
5|46XXXXXXX|
6|XXXXXXXXX|
7|47XXX6X74|
8|XXXX44XXX|
9|3XXX22XXX|
-|---------|
]]></system-out>
  <system-err><![CDATA[]]></system-err>
</testsuite>
